Release 14.2 - xst P.28xd (nt64)
Copyright (c) 1995-2012 Xilinx, Inc.  All rights reserved.
--> Parameter TMPDIR set to xst/projnav.tmp


Total REAL time to Xst completion: 0.00 secs
Total CPU time to Xst completion: 0.19 secs
 
--> Parameter xsthdpdir set to xst


Total REAL time to Xst completion: 0.00 secs
Total CPU time to Xst completion: 0.19 secs
 
--> Reading design: main.prj

TABLE OF CONTENTS
  1) Synthesis Options Summary
  2) HDL Compilation
  3) Design Hierarchy Analysis
  4) HDL Analysis
  5) HDL Synthesis
     5.1) HDL Synthesis Report
  6) Advanced HDL Synthesis
     6.1) Advanced HDL Synthesis Report
  7) Low Level Synthesis
  8) Partition Report
  9) Final Report
	9.1) Device utilization summary
	9.2) Partition Resource Summary
	9.3) TIMING REPORT


=========================================================================
*                      Synthesis Options Summary                        *
=========================================================================
---- Source Parameters
Input File Name                    : "main.prj"
Input Format                       : mixed
Ignore Synthesis Constraint File   : NO

---- Target Parameters
Output File Name                   : "main"
Output Format                      : NGC
Target Device                      : xc3s250e-4-cp132

---- Source Options
Top Module Name                    : main
Automatic FSM Extraction           : YES
FSM Encoding Algorithm             : Auto
Safe Implementation                : No
FSM Style                          : LUT
RAM Extraction                     : Yes
RAM Style                          : Auto
ROM Extraction                     : Yes
Mux Style                          : Auto
Decoder Extraction                 : YES
Priority Encoder Extraction        : Yes
Shift Register Extraction          : YES
Logical Shifter Extraction         : YES
XOR Collapsing                     : YES
ROM Style                          : Auto
Mux Extraction                     : Yes
Resource Sharing                   : YES
Asynchronous To Synchronous        : NO
Multiplier Style                   : Auto
Automatic Register Balancing       : No

---- Target Options
Add IO Buffers                     : YES
Global Maximum Fanout              : 100000
Add Generic Clock Buffer(BUFG)     : 24
Register Duplication               : YES
Slice Packing                      : YES
Optimize Instantiated Primitives   : NO
Use Clock Enable                   : Yes
Use Synchronous Set                : Yes
Use Synchronous Reset              : Yes
Pack IO Registers into IOBs        : Auto
Equivalent register Removal        : YES

---- General Options
Optimization Goal                  : Speed
Optimization Effort                : 1
Keep Hierarchy                     : No
Netlist Hierarchy                  : As_Optimized
RTL Output                         : Yes
Global Optimization                : AllClockNets
Read Cores                         : YES
Write Timing Constraints           : NO
Cross Clock Analysis               : NO
Hierarchy Separator                : /
Bus Delimiter                      : <>
Case Specifier                     : Maintain
Slice Utilization Ratio            : 100
BRAM Utilization Ratio             : 100
Verilog 2001                       : YES
Auto BRAM Packing                  : NO
Slice Utilization Ratio Delta      : 5

=========================================================================


=========================================================================
*                          HDL Compilation                              *
=========================================================================
Compiling vhdl file "//students/wz292583/Studia/Studia.Aktualne/PUL/Task1/minmax.vhd" in Library work.
Entity <max_bit_propagator> compiled.
Entity <max_bit_propagator> (Architecture <Behavioral>) compiled.
Entity <min_bit_propagator> compiled.
Entity <min_bit_propagator> (Architecture <Behavioral>) compiled.
Entity <n_min> compiled.
Entity <n_min> (Architecture <Behavioral>) compiled.
Entity <n_max> compiled.
Entity <n_max> (Architecture <Behavioral>) compiled.
Compiling vhdl file "//students/wz292583/Studia/Studia.Aktualne/PUL/Task1/n_unary_counter.vhd" in Library work.
Entity <bit_shifter> compiled.
Entity <bit_shifter> (Architecture <Behavioral>) compiled.
Entity <n_shifter> compiled.
Entity <n_shifter> (Architecture <Behavioral>) compiled.
Entity <n_unary_counter> compiled.
Entity <n_unary_counter> (Architecture <Behavioral>) compiled.
Compiling vhdl file "//students/wz292583/Studia/Studia.Aktualne/PUL/Task1/n_median.vhd" in Library work.
Entity <bit_anihilator> compiled.
Entity <bit_anihilator> (Architecture <Behavioral>) compiled.
Entity <median_step> compiled.
Entity <median_step> (Architecture <Behavioral>) compiled.
Entity <n_median> compiled.
Entity <n_median> (Architecture <Behavioral>) compiled.
Compiling vhdl file "//students/wz292583/Studia/Studia.Aktualne/PUL/Task1/magic_box.vhd" in Library work.
Entity <magic_box> compiled.
Entity <magic_box> (Architecture <Behavioral>) compiled.
Compiling vhdl file "//students/wz292583/Studia/Studia.Aktualne/PUL/Task1/main.vhd" in Library work.
Entity <main> compiled.
Entity <main> (Architecture <Behavioral>) compiled.

=========================================================================
*                     Design Hierarchy Analysis                         *
=========================================================================
Analyzing hierarchy for entity <main> in library <work> (architecture <Behavioral>).

Analyzing hierarchy for entity <magic_box> in library <work> (architecture <Behavioral>) with generics.
	n = 8

Analyzing hierarchy for entity <n_min> in library <work> (architecture <Behavioral>) with generics.
	n = 8

Analyzing hierarchy for entity <n_max> in library <work> (architecture <Behavioral>) with generics.
	n = 8

Analyzing hierarchy for entity <n_unary_counter> in library <work> (architecture <Behavioral>) with generics.
	n = 8

Analyzing hierarchy for entity <n_median> in library <work> (architecture <Behavioral>) with generics.
	n = 8

Analyzing hierarchy for entity <min_bit_propagator> in library <work> (architecture <Behavioral>).

Analyzing hierarchy for entity <max_bit_propagator> in library <work> (architecture <Behavioral>).

Analyzing hierarchy for entity <n_shifter> in library <work> (architecture <Behavioral>) with generics.
	n = 8

Analyzing hierarchy for entity <median_step> in library <work> (architecture <Behavioral>) with generics.
	n = 8

Analyzing hierarchy for entity <bit_shifter> in library <work> (architecture <Behavioral>).

Analyzing hierarchy for entity <bit_anihilator> in library <work> (architecture <Behavioral>).


=========================================================================
*                            HDL Analysis                               *
=========================================================================
Analyzing Entity <main> in library <work> (Architecture <Behavioral>).
WARNING:Xst:790 - "//students/wz292583/Studia/Studia.Aktualne/PUL/Task1/main.vhd" line 75: Index value(s) does not match array range, simulation mismatch.
Entity <main> analyzed. Unit <main> generated.

Analyzing generic Entity <magic_box> in library <work> (Architecture <Behavioral>).
	n = 8
Entity <magic_box> analyzed. Unit <magic_box> generated.

Analyzing generic Entity <n_min> in library <work> (Architecture <Behavioral>).
	n = 8
Entity <n_min> analyzed. Unit <n_min> generated.

Analyzing Entity <min_bit_propagator> in library <work> (Architecture <Behavioral>).
Entity <min_bit_propagator> analyzed. Unit <min_bit_propagator> generated.

Analyzing generic Entity <n_max> in library <work> (Architecture <Behavioral>).
	n = 8
Entity <n_max> analyzed. Unit <n_max> generated.

Analyzing Entity <max_bit_propagator> in library <work> (Architecture <Behavioral>).
Entity <max_bit_propagator> analyzed. Unit <max_bit_propagator> generated.

Analyzing generic Entity <n_unary_counter> in library <work> (Architecture <Behavioral>).
	n = 8
Entity <n_unary_counter> analyzed. Unit <n_unary_counter> generated.

Analyzing generic Entity <n_shifter> in library <work> (Architecture <Behavioral>).
	n = 8
Entity <n_shifter> analyzed. Unit <n_shifter> generated.

Analyzing Entity <bit_shifter> in library <work> (Architecture <Behavioral>).
Entity <bit_shifter> analyzed. Unit <bit_shifter> generated.

Analyzing generic Entity <n_median> in library <work> (Architecture <Behavioral>).
	n = 8
Entity <n_median> analyzed. Unit <n_median> generated.

Analyzing generic Entity <median_step> in library <work> (Architecture <Behavioral>).
	n = 8
Entity <median_step> analyzed. Unit <median_step> generated.

Analyzing Entity <bit_anihilator> in library <work> (Architecture <Behavioral>).
Entity <bit_anihilator> analyzed. Unit <bit_anihilator> generated.


=========================================================================
*                           HDL Synthesis                               *
=========================================================================

Performing bidirectional port resolution...

Synthesizing Unit <min_bit_propagator>.
    Related source file is "//students/wz292583/Studia/Studia.Aktualne/PUL/Task1/minmax.vhd".
Unit <min_bit_propagator> synthesized.


Synthesizing Unit <max_bit_propagator>.
    Related source file is "//students/wz292583/Studia/Studia.Aktualne/PUL/Task1/minmax.vhd".
Unit <max_bit_propagator> synthesized.


Synthesizing Unit <bit_shifter>.
    Related source file is "//students/wz292583/Studia/Studia.Aktualne/PUL/Task1/n_unary_counter.vhd".
Unit <bit_shifter> synthesized.


Synthesizing Unit <bit_anihilator>.
    Related source file is "//students/wz292583/Studia/Studia.Aktualne/PUL/Task1/n_median.vhd".
Unit <bit_anihilator> synthesized.


Synthesizing Unit <n_min>.
    Related source file is "//students/wz292583/Studia/Studia.Aktualne/PUL/Task1/minmax.vhd".
WARNING:Xst:646 - Signal <r<8>> is assigned but never used. This unconnected signal will be trimmed during the optimization process.
WARNING:Xst:646 - Signal <l<0>> is assigned but never used. This unconnected signal will be trimmed during the optimization process.
Unit <n_min> synthesized.


Synthesizing Unit <n_max>.
    Related source file is "//students/wz292583/Studia/Studia.Aktualne/PUL/Task1/minmax.vhd".
WARNING:Xst:646 - Signal <c<0>> is assigned but never used. This unconnected signal will be trimmed during the optimization process.
Unit <n_max> synthesized.


Synthesizing Unit <n_shifter>.
    Related source file is "//students/wz292583/Studia/Studia.Aktualne/PUL/Task1/n_unary_counter.vhd".
WARNING:Xst:646 - Signal <s<0>> is assigned but never used. This unconnected signal will be trimmed during the optimization process.
WARNING:Xst:646 - Signal <cs<8>> is assigned but never used. This unconnected signal will be trimmed during the optimization process.
Unit <n_shifter> synthesized.


Synthesizing Unit <median_step>.
    Related source file is "//students/wz292583/Studia/Studia.Aktualne/PUL/Task1/n_median.vhd".
WARNING:Xst:646 - Signal <r<0>> is assigned but never used. This unconnected signal will be trimmed during the optimization process.
WARNING:Xst:646 - Signal <l<8>> is assigned but never used. This unconnected signal will be trimmed during the optimization process.
Unit <median_step> synthesized.


Synthesizing Unit <n_unary_counter>.
    Related source file is "//students/wz292583/Studia/Studia.Aktualne/PUL/Task1/n_unary_counter.vhd".
Unit <n_unary_counter> synthesized.


Synthesizing Unit <n_median>.
    Related source file is "//students/wz292583/Studia/Studia.Aktualne/PUL/Task1/n_median.vhd".
Unit <n_median> synthesized.


Synthesizing Unit <magic_box>.
    Related source file is "//students/wz292583/Studia/Studia.Aktualne/PUL/Task1/magic_box.vhd".
Unit <magic_box> synthesized.


Synthesizing Unit <main>.
    Related source file is "//students/wz292583/Studia/Studia.Aktualne/PUL/Task1/main.vhd".
    Found 4-bit adder for signal <count>.
    Found 4-bit adder for signal <count$addsub0000> created at line 72.
    Found 4-bit adder for signal <count$addsub0001> created at line 72.
    Found 4-bit adder for signal <count$addsub0002> created at line 72.
    Found 4-bit adder for signal <count$addsub0003> created at line 72.
    Found 4-bit adder for signal <count$addsub0004> created at line 72.
    Found 4-bit adder for signal <count$addsub0005> created at line 72.
    Summary:
	inferred   7 Adder/Subtractor(s).
Unit <main> synthesized.


=========================================================================
HDL Synthesis Report

Macro Statistics
# Adders/Subtractors                                   : 7
 4-bit adder                                           : 7

=========================================================================

=========================================================================
*                       Advanced HDL Synthesis                          *
=========================================================================


=========================================================================
Advanced HDL Synthesis Report

Macro Statistics
# Adders/Subtractors                                   : 4
 4-bit adder                                           : 1
 4-bit adder carry in                                  : 3

=========================================================================

=========================================================================
*                         Low Level Synthesis                           *
=========================================================================

Optimizing unit <main> ...

Optimizing unit <magic_box> ...

Mapping all equations...
Building and optimizing final netlist ...
Found area constraint ratio of 100 (+ 5) on block main, actual ratio is 4.

Final Macro Processing ...

=========================================================================
Final Register Report

Found no macro
=========================================================================

=========================================================================
*                           Partition Report                            *
=========================================================================

Partition Implementation Status
-------------------------------

  No Partitions were found in this design.

-------------------------------

=========================================================================
*                            Final Report                               *
=========================================================================
Final Results
RTL Top Level Output File Name     : main.ngr
Top Level Output File Name         : main
Output Format                      : NGC
Optimization Goal                  : Speed
Keep Hierarchy                     : No

Design Statistics
# IOs                              : 32

Cell Usage :
# BELS                             : 192
#      GND                         : 1
#      INV                         : 1
#      LUT2                        : 10
#      LUT3                        : 37
#      LUT4                        : 118
#      MUXF5                       : 24
#      VCC                         : 1
# IO Buffers                       : 32
#      IBUF                        : 12
#      OBUF                        : 20
=========================================================================

Device utilization summary:
---------------------------

Selected Device : 3s250ecp132-4 

 Number of Slices:                       92  out of   2448     3%  
 Number of 4 input LUTs:                166  out of   4896     3%  
 Number of IOs:                          32
 Number of bonded IOBs:                  32  out of     92    34%  

---------------------------
Partition Resource Summary:
---------------------------

  No Partitions were found in this design.

---------------------------


=========================================================================
TIMING REPORT

NOTE: THESE TIMING NUMBERS ARE ONLY A SYNTHESIS ESTIMATE.
      FOR ACCURATE TIMING INFORMATION PLEASE REFER TO THE TRACE REPORT
      GENERATED AFTER PLACE-and-ROUTE.

Clock Information:
------------------
No clock signals found in this design

Asynchronous Control Signals Information:
----------------------------------------
No asynchronous control signals found in this design

Timing Summary:
---------------
Speed Grade: -4

   Minimum period: No path found
   Minimum input arrival time before clock: No path found
   Maximum output required time after clock: No path found
   Maximum combinational path delay: 15.135ns

Timing Detail:
--------------
All values displayed in nanoseconds (ns)

=========================================================================
Timing constraint: Default path analysis
  Total number of paths / destination ports: 2235 / 16
-------------------------------------------------------------------------
Delay:               15.135ns (Levels of Logic = 10)
  Source:            sw<1> (PAD)
  Destination:       seg<1> (PAD)

  Data Path: sw<1> to seg<1>
                                Gate     Net
    Cell:in->out      fanout   Delay   Delay  Logical Name (Net Name)
    ----------------------------------------  ------------
     IBUF:I->O            46   1.218   1.442  sw_1_IBUF (sw_1_IBUF)
     LUT4:I0->O            1   0.704   0.000  Madd_count_addsub0004_Madd_lut<0>11 (Madd_count_addsub0004_Madd_lut<0>1)
     MUXF5:I1->O           4   0.321   0.762  Madd_count_addsub0004_Madd_lut<0>1_f5 (Madd_count_addsub0004_Madd_lut<0>)
     LUT3:I0->O            3   0.704   0.610  Madd_count_Madd_lut<0>1 (Madd_count_Madd_lut<0>)
     LUT4:I1->O            6   0.704   0.748  Madd_count_Madd_cy<1>11 (Madd_count_Madd_cy<1>)
     LUT3:I1->O            3   0.704   0.566  Madd_count_Madd_xor<3>11 (count<3>)
     LUT3:I2->O            1   0.704   0.424  seg<1>57_SW0 (N14)
     LUT4:I3->O            1   0.704   0.424  seg<1>57 (seg<1>57)
     LUT4:I3->O            1   0.704   0.420  seg<1>249 (seg_1_OBUF)
     OBUF:I->O                 3.272          seg_1_OBUF (seg<1>)
    ----------------------------------------
    Total                     15.135ns (9.739ns logic, 5.396ns route)
                                       (64.3% logic, 35.7% route)

=========================================================================


Total REAL time to Xst completion: 12.00 secs
Total CPU time to Xst completion: 11.90 secs
 
--> 

Total memory usage is 268520 kilobytes

Number of errors   :    0 (   0 filtered)
Number of warnings :    8 (   0 filtered)
Number of infos    :    0 (   0 filtered)

