ISim log file
Running: Z:\Studia\Studia.Aktualne\PUL\Task2\bin2dectest_isim_beh.exe -intstyle ise -gui -tclbatch isim.cmd -wdb Z:/Studia/Studia.Aktualne/PUL/Task2/bin2dectest_isim_beh.wdb 
ISim P.28xd (signature 0xa0883be4)
WARNING: A WEBPACK license was found.
WARNING: Please use Xilinx License Configuration Manager to check out a full ISim license.
WARNING: ISim will run in Lite mode. Please refer to the ISim documentation for more information on the differences between the Lite and the Full version.
This is a Lite version of ISim.
Time resolution is 1 ps
# onerror resume
# wave add /
# run 1000 ns
Simulator is doing circuit initialization process.
at 0 ps, Instance /bin2dectest/uut/\layer_for(0)\/\add3_for(0)\/add3/ : Warning: NUMERIC_STD."<": metavalue detected, returning FALSE
at 0 ps, Instance /bin2dectest/uut/\layer_for(0)\/\add3_for(1)\/add3/ : Warning: NUMERIC_STD."<": metavalue detected, returning FALSE
at 0 ps, Instance /bin2dectest/uut/\layer_for(0)\/\add3_for(2)\/add3/ : Warning: NUMERIC_STD."<": metavalue detected, returning FALSE
at 0 ps, Instance /bin2dectest/uut/\layer_for(0)\/\add3_for(3)\/add3/ : Warning: NUMERIC_STD."<": metavalue detected, returning FALSE
at 0 ps, Instance /bin2dectest/uut/\layer_for(0)\/\add3_for(4)\/add3/ : Warning: NUMERIC_STD."<": metavalue detected, returning FALSE
at 0 ps, Instance /bin2dectest/uut/\layer_for(1)\/\add3_for(0)\/add3/ : Warning: NUMERIC_STD."<": metavalue detected, returning FALSE
at 0 ps, Instance /bin2dectest/uut/\layer_for(1)\/\add3_for(1)\/add3/ : Warning: NUMERIC_STD."<": metavalue detected, returning FALSE
at 0 ps, Instance /bin2dectest/uut/\layer_for(1)\/\add3_for(2)\/add3/ : Warning: NUMERIC_STD."<": metavalue detected, returning FALSE
at 0 ps, Instance /bin2dectest/uut/\layer_for(1)\/\add3_for(3)\/add3/ : Warning: NUMERIC_STD."<": metavalue detected, returning FALSE
at 0 ps, Instance /bin2dectest/uut/\layer_for(1)\/\add3_for(4)\/add3/ : Warning: NUMERIC_STD."<": metavalue detected, returning FALSE
at 0 ps, Instance /bin2dectest/uut/\layer_for(2)\/\add3_for(0)\/add3/ : Warning: NUMERIC_STD."<": metavalue detected, returning FALSE
at 0 ps, Instance /bin2dectest/uut/\layer_for(2)\/\add3_for(1)\/add3/ : Warning: NUMERIC_STD."<": metavalue detected, returning FALSE
at 0 ps, Instance /bin2dectest/uut/\layer_for(2)\/\add3_for(2)\/add3/ : Warning: NUMERIC_STD."<": metavalue detected, returning FALSE
at 0 ps, Instance /bin2dectest/uut/\layer_for(2)\/\add3_for(3)\/add3/ : Warning: NUMERIC_STD."<": metavalue detected, returning FALSE
at 0 ps, Instance /bin2dectest/uut/\layer_for(2)\/\add3_for(4)\/add3/ : Warning: NUMERIC_STD."<": metavalue detected, returning FALSE
at 0 ps, Instance /bin2dectest/uut/\layer_for(3)\/\add3_for(0)\/add3/ : Warning: NUMERIC_STD."<": metavalue detected, returning FALSE
at 0 ps, Instance /bin2dectest/uut/\layer_for(3)\/\add3_for(1)\/add3/ : Warning: NUMERIC_STD."<": metavalue detected, returning FALSE
at 0 ps, Instance /bin2dectest/uut/\layer_for(3)\/\add3_for(2)\/add3/ : Warning: NUMERIC_STD."<": metavalue detected, returning FALSE
at 0 ps, Instance /bin2dectest/uut/\layer_for(3)\/\add3_for(3)\/add3/ : Warning: NUMERIC_STD."<": metavalue detected, returning FALSE
at 0 ps, Instance /bin2dectest/uut/\layer_for(3)\/\add3_for(4)\/add3/ : Warning: NUMERIC_STD."<": metavalue detected, returning FALSE
at 0 ps, Instance /bin2dectest/uut/\layer_for(4)\/\add3_for(0)\/add3/ : Warning: NUMERIC_STD."<": metavalue detected, returning FALSE
at 0 ps, Instance /bin2dectest/uut/\layer_for(4)\/\add3_for(1)\/add3/ : Warning: NUMERIC_STD."<": metavalue detected, returning FALSE
at 0 ps, Instance /bin2dectest/uut/\layer_for(4)\/\add3_for(2)\/add3/ : Warning: NUMERIC_STD."<": metavalue detected, returning FALSE
at 0 ps, Instance /bin2dectest/uut/\layer_for(4)\/\add3_for(3)\/add3/ : Warning: NUMERIC_STD."<": metavalue detected, returning FALSE
at 0 ps, Instance /bin2dectest/uut/\layer_for(4)\/\add3_for(4)\/add3/ : Warning: NUMERIC_STD."<": metavalue detected, returning FALSE
at 0 ps, Instance /bin2dectest/uut/\layer_for(5)\/\add3_for(0)\/add3/ : Warning: NUMERIC_STD."<": metavalue detected, returning FALSE
at 0 ps, Instance /bin2dectest/uut/\layer_for(5)\/\add3_for(1)\/add3/ : Warning: NUMERIC_STD."<": metavalue detected, returning FALSE
at 0 ps, Instance /bin2dectest/uut/\layer_for(5)\/\add3_for(2)\/add3/ : Warning: NUMERIC_STD."<": metavalue detected, returning FALSE
at 0 ps, Instance /bin2dectest/uut/\layer_for(5)\/\add3_for(3)\/add3/ : Warning: NUMERIC_STD."<": metavalue detected, returning FALSE
at 0 ps, Instance /bin2dectest/uut/\layer_for(5)\/\add3_for(4)\/add3/ : Warning: NUMERIC_STD."<": metavalue detected, returning FALSE
at 0 ps, Instance /bin2dectest/uut/\layer_for(6)\/\add3_for(0)\/add3/ : Warning: NUMERIC_STD."<": metavalue detected, returning FALSE
at 0 ps, Instance /bin2dectest/uut/\layer_for(6)\/\add3_for(1)\/add3/ : Warning: NUMERIC_STD."<": metavalue detected, returning FALSE
at 0 ps, Instance /bin2dectest/uut/\layer_for(6)\/\add3_for(2)\/add3/ : Warning: NUMERIC_STD."<": metavalue detected, returning FALSE
at 0 ps, Instance /bin2dectest/uut/\layer_for(6)\/\add3_for(3)\/add3/ : Warning: NUMERIC_STD."<": metavalue detected, returning FALSE
at 0 ps, Instance /bin2dectest/uut/\layer_for(6)\/\add3_for(4)\/add3/ : Warning: NUMERIC_STD."<": metavalue detected, returning FALSE
at 0 ps, Instance /bin2dectest/uut/\layer_for(7)\/\add3_for(0)\/add3/ : Warning: NUMERIC_STD."<": metavalue detected, returning FALSE
at 0 ps, Instance /bin2dectest/uut/\layer_for(7)\/\add3_for(1)\/add3/ : Warning: NUMERIC_STD."<": metavalue detected, returning FALSE
at 0 ps, Instance /bin2dectest/uut/\layer_for(7)\/\add3_for(2)\/add3/ : Warning: NUMERIC_STD."<": metavalue detected, returning FALSE
at 0 ps, Instance /bin2dectest/uut/\layer_for(7)\/\add3_for(3)\/add3/ : Warning: NUMERIC_STD."<": metavalue detected, returning FALSE
at 0 ps, Instance /bin2dectest/uut/\layer_for(7)\/\add3_for(4)\/add3/ : Warning: NUMERIC_STD."<": metavalue detected, returning FALSE
at 0 ps, Instance /bin2dectest/uut/\layer_for(8)\/\add3_for(0)\/add3/ : Warning: NUMERIC_STD."<": metavalue detected, returning FALSE
at 0 ps, Instance /bin2dectest/uut/\layer_for(8)\/\add3_for(1)\/add3/ : Warning: NUMERIC_STD."<": metavalue detected, returning FALSE
at 0 ps, Instance /bin2dectest/uut/\layer_for(8)\/\add3_for(2)\/add3/ : Warning: NUMERIC_STD."<": metavalue detected, returning FALSE
at 0 ps, Instance /bin2dectest/uut/\layer_for(8)\/\add3_for(3)\/add3/ : Warning: NUMERIC_STD."<": metavalue detected, returning FALSE
at 0 ps, Instance /bin2dectest/uut/\layer_for(8)\/\add3_for(4)\/add3/ : Warning: NUMERIC_STD."<": metavalue detected, returning FALSE
at 0 ps, Instance /bin2dectest/uut/\layer_for(9)\/\add3_for(0)\/add3/ : Warning: NUMERIC_STD."<": metavalue detected, returning FALSE
at 0 ps, Instance /bin2dectest/uut/\layer_for(9)\/\add3_for(1)\/add3/ : Warning: NUMERIC_STD."<": metavalue detected, returning FALSE
at 0 ps, Instance /bin2dectest/uut/\layer_for(9)\/\add3_for(2)\/add3/ : Warning: NUMERIC_STD."<": metavalue detected, returning FALSE
at 0 ps, Instance /bin2dectest/uut/\layer_for(9)\/\add3_for(3)\/add3/ : Warning: NUMERIC_STD."<": metavalue detected, returning FALSE
at 0 ps, Instance /bin2dectest/uut/\layer_for(9)\/\add3_for(4)\/add3/ : Warning: NUMERIC_STD."<": metavalue detected, returning FALSE
at 0 ps, Instance /bin2dectest/uut/\layer_for(10)\/\add3_for(0)\/add3/ : Warning: NUMERIC_STD."<": metavalue detected, returning FALSE
at 0 ps, Instance /bin2dectest/uut/\layer_for(10)\/\add3_for(1)\/add3/ : Warning: NUMERIC_STD."<": metavalue detected, returning FALSE
at 0 ps, Instance /bin2dectest/uut/\layer_for(10)\/\add3_for(2)\/add3/ : Warning: NUMERIC_STD."<": metavalue detected, returning FALSE
at 0 ps, Instance /bin2dectest/uut/\layer_for(10)\/\add3_for(3)\/add3/ : Warning: NUMERIC_STD."<": metavalue detected, returning FALSE
at 0 ps, Instance /bin2dectest/uut/\layer_for(10)\/\add3_for(4)\/add3/ : Warning: NUMERIC_STD."<": metavalue detected, returning FALSE
at 0 ps, Instance /bin2dectest/uut/\layer_for(11)\/\add3_for(0)\/add3/ : Warning: NUMERIC_STD."<": metavalue detected, returning FALSE
at 0 ps, Instance /bin2dectest/uut/\layer_for(11)\/\add3_for(1)\/add3/ : Warning: NUMERIC_STD."<": metavalue detected, returning FALSE
at 0 ps, Instance /bin2dectest/uut/\layer_for(11)\/\add3_for(2)\/add3/ : Warning: NUMERIC_STD."<": metavalue detected, returning FALSE
at 0 ps, Instance /bin2dectest/uut/\layer_for(11)\/\add3_for(3)\/add3/ : Warning: NUMERIC_STD."<": metavalue detected, returning FALSE
at 0 ps, Instance /bin2dectest/uut/\layer_for(11)\/\add3_for(4)\/add3/ : Warning: NUMERIC_STD."<": metavalue detected, returning FALSE
at 0 ps, Instance /bin2dectest/uut/\layer_for(12)\/\add3_for(0)\/add3/ : Warning: NUMERIC_STD."<": metavalue detected, returning FALSE
at 0 ps, Instance /bin2dectest/uut/\layer_for(12)\/\add3_for(1)\/add3/ : Warning: NUMERIC_STD."<": metavalue detected, returning FALSE
at 0 ps, Instance /bin2dectest/uut/\layer_for(12)\/\add3_for(2)\/add3/ : Warning: NUMERIC_STD."<": metavalue detected, returning FALSE
at 0 ps, Instance /bin2dectest/uut/\layer_for(12)\/\add3_for(3)\/add3/ : Warning: NUMERIC_STD."<": metavalue detected, returning FALSE
at 0 ps, Instance /bin2dectest/uut/\layer_for(12)\/\add3_for(4)\/add3/ : Warning: NUMERIC_STD."<": metavalue detected, returning FALSE
at 0 ps, Instance /bin2dectest/uut/\layer_for(13)\/\add3_for(0)\/add3/ : Warning: NUMERIC_STD."<": metavalue detected, returning FALSE
at 0 ps, Instance /bin2dectest/uut/\layer_for(13)\/\add3_for(1)\/add3/ : Warning: NUMERIC_STD."<": metavalue detected, returning FALSE
at 0 ps, Instance /bin2dectest/uut/\layer_for(13)\/\add3_for(2)\/add3/ : Warning: NUMERIC_STD."<": metavalue detected, returning FALSE
at 0 ps, Instance /bin2dectest/uut/\layer_for(13)\/\add3_for(3)\/add3/ : Warning: NUMERIC_STD."<": metavalue detected, returning FALSE
at 0 ps, Instance /bin2dectest/uut/\layer_for(13)\/\add3_for(4)\/add3/ : Warning: NUMERIC_STD."<": metavalue detected, returning FALSE
at 0 ps, Instance /bin2dectest/uut/\layer_for(14)\/\add3_for(0)\/add3/ : Warning: NUMERIC_STD."<": metavalue detected, returning FALSE
at 0 ps, Instance /bin2dectest/uut/\layer_for(14)\/\add3_for(1)\/add3/ : Warning: NUMERIC_STD."<": metavalue detected, returning FALSE
at 0 ps, Instance /bin2dectest/uut/\layer_for(14)\/\add3_for(2)\/add3/ : Warning: NUMERIC_STD."<": metavalue detected, returning FALSE
at 0 ps, Instance /bin2dectest/uut/\layer_for(14)\/\add3_for(3)\/add3/ : Warning: NUMERIC_STD."<": metavalue detected, returning FALSE
at 0 ps, Instance /bin2dectest/uut/\layer_for(14)\/\add3_for(4)\/add3/ : Warning: NUMERIC_STD."<": metavalue detected, returning FALSE
at 0 ps, Instance /bin2dectest/uut/\layer_for(15)\/\add3_for(0)\/add3/ : Warning: NUMERIC_STD."<": metavalue detected, returning FALSE
at 0 ps, Instance /bin2dectest/uut/\layer_for(15)\/\add3_for(1)\/add3/ : Warning: NUMERIC_STD."<": metavalue detected, returning FALSE
at 0 ps, Instance /bin2dectest/uut/\layer_for(15)\/\add3_for(2)\/add3/ : Warning: NUMERIC_STD."<": metavalue detected, returning FALSE
at 0 ps, Instance /bin2dectest/uut/\layer_for(15)\/\add3_for(3)\/add3/ : Warning: NUMERIC_STD."<": metavalue detected, returning FALSE
at 0 ps, Instance /bin2dectest/uut/\layer_for(15)\/\add3_for(4)\/add3/ : Warning: NUMERIC_STD."<": metavalue detected, returning FALSE
Finished circuit initialization process.
at 0 ps, Instance /bin2dectest/uut/\layer_for(1)\/\add3_for(1)\/add3/ : Warning: NUMERIC_STD."<": metavalue detected, returning FALSE
at 0 ps, Instance /bin2dectest/uut/\layer_for(1)\/\add3_for(0)\/add3/ : Warning: NUMERIC_STD."<": metavalue detected, returning FALSE
at 0 ps, Instance /bin2dectest/uut/\layer_for(1)\/\add3_for(2)\/add3/ : Warning: NUMERIC_STD."<": metavalue detected, returning FALSE
at 0 ps, Instance /bin2dectest/uut/\layer_for(1)\/\add3_for(3)\/add3/ : Warning: NUMERIC_STD."<": metavalue detected, returning FALSE
at 0 ps, Instance /bin2dectest/uut/\layer_for(1)\/\add3_for(4)\/add3/ : Warning: NUMERIC_STD."<": metavalue detected, returning FALSE
at 0 ps, Instance /bin2dectest/uut/\layer_for(2)\/\add3_for(1)\/add3/ : Warning: NUMERIC_STD."<": metavalue detected, returning FALSE
at 0 ps, Instance /bin2dectest/uut/\layer_for(2)\/\add3_for(0)\/add3/ : Warning: NUMERIC_STD."<": metavalue detected, returning FALSE
at 0 ps, Instance /bin2dectest/uut/\layer_for(2)\/\add3_for(2)\/add3/ : Warning: NUMERIC_STD."<": metavalue detected, returning FALSE
at 0 ps, Instance /bin2dectest/uut/\layer_for(2)\/\add3_for(3)\/add3/ : Warning: NUMERIC_STD."<": metavalue detected, returning FALSE
at 0 ps, Instance /bin2dectest/uut/\layer_for(2)\/\add3_for(4)\/add3/ : Warning: NUMERIC_STD."<": metavalue detected, returning FALSE
at 0 ps, Instance /bin2dectest/uut/\layer_for(3)\/\add3_for(1)\/add3/ : Warning: NUMERIC_STD."<": metavalue detected, returning FALSE
at 0 ps, Instance /bin2dectest/uut/\layer_for(3)\/\add3_for(0)\/add3/ : Warning: NUMERIC_STD."<": metavalue detected, returning FALSE
at 0 ps, Instance /bin2dectest/uut/\layer_for(3)\/\add3_for(2)\/add3/ : Warning: NUMERIC_STD."<": metavalue detected, returning FALSE
at 0 ps, Instance /bin2dectest/uut/\layer_for(3)\/\add3_for(3)\/add3/ : Warning: NUMERIC_STD."<": metavalue detected, returning FALSE
at 0 ps, Instance /bin2dectest/uut/\layer_for(3)\/\add3_for(4)\/add3/ : Warning: NUMERIC_STD."<": metavalue detected, returning FALSE
at 0 ps, Instance /bin2dectest/uut/\layer_for(4)\/\add3_for(1)\/add3/ : Warning: NUMERIC_STD."<": metavalue detected, returning FALSE
at 0 ps, Instance /bin2dectest/uut/\layer_for(4)\/\add3_for(0)\/add3/ : Warning: NUMERIC_STD."<": metavalue detected, returning FALSE
at 0 ps, Instance /bin2dectest/uut/\layer_for(4)\/\add3_for(2)\/add3/ : Warning: NUMERIC_STD."<": metavalue detected, returning FALSE
at 0 ps, Instance /bin2dectest/uut/\layer_for(4)\/\add3_for(3)\/add3/ : Warning: NUMERIC_STD."<": metavalue detected, returning FALSE
at 0 ps, Instance /bin2dectest/uut/\layer_for(4)\/\add3_for(4)\/add3/ : Warning: NUMERIC_STD."<": metavalue detected, returning FALSE
at 0 ps, Instance /bin2dectest/uut/\layer_for(5)\/\add3_for(1)\/add3/ : Warning: NUMERIC_STD."<": metavalue detected, returning FALSE
at 0 ps, Instance /bin2dectest/uut/\layer_for(5)\/\add3_for(0)\/add3/ : Warning: NUMERIC_STD."<": metavalue detected, returning FALSE
at 0 ps, Instance /bin2dectest/uut/\layer_for(5)\/\add3_for(2)\/add3/ : Warning: NUMERIC_STD."<": metavalue detected, returning FALSE
at 0 ps, Instance /bin2dectest/uut/\layer_for(5)\/\add3_for(3)\/add3/ : Warning: NUMERIC_STD."<": metavalue detected, returning FALSE
at 0 ps, Instance /bin2dectest/uut/\layer_for(5)\/\add3_for(4)\/add3/ : Warning: NUMERIC_STD."<": metavalue detected, returning FALSE
at 0 ps, Instance /bin2dectest/uut/\layer_for(6)\/\add3_for(1)\/add3/ : Warning: NUMERIC_STD."<": metavalue detected, returning FALSE
at 0 ps, Instance /bin2dectest/uut/\layer_for(6)\/\add3_for(0)\/add3/ : Warning: NUMERIC_STD."<": metavalue detected, returning FALSE
at 0 ps, Instance /bin2dectest/uut/\layer_for(6)\/\add3_for(2)\/add3/ : Warning: NUMERIC_STD."<": metavalue detected, returning FALSE
at 0 ps, Instance /bin2dectest/uut/\layer_for(6)\/\add3_for(3)\/add3/ : Warning: NUMERIC_STD."<": metavalue detected, returning FALSE
at 0 ps, Instance /bin2dectest/uut/\layer_for(6)\/\add3_for(4)\/add3/ : Warning: NUMERIC_STD."<": metavalue detected, returning FALSE
at 0 ps, Instance /bin2dectest/uut/\layer_for(7)\/\add3_for(1)\/add3/ : Warning: NUMERIC_STD."<": metavalue detected, returning FALSE
at 0 ps, Instance /bin2dectest/uut/\layer_for(7)\/\add3_for(0)\/add3/ : Warning: NUMERIC_STD."<": metavalue detected, returning FALSE
at 0 ps, Instance /bin2dectest/uut/\layer_for(7)\/\add3_for(2)\/add3/ : Warning: NUMERIC_STD."<": metavalue detected, returning FALSE
at 0 ps, Instance /bin2dectest/uut/\layer_for(7)\/\add3_for(3)\/add3/ : Warning: NUMERIC_STD."<": metavalue detected, returning FALSE
at 0 ps, Instance /bin2dectest/uut/\layer_for(7)\/\add3_for(4)\/add3/ : Warning: NUMERIC_STD."<": metavalue detected, returning FALSE
at 0 ps, Instance /bin2dectest/uut/\layer_for(8)\/\add3_for(1)\/add3/ : Warning: NUMERIC_STD."<": metavalue detected, returning FALSE
at 0 ps, Instance /bin2dectest/uut/\layer_for(8)\/\add3_for(0)\/add3/ : Warning: NUMERIC_STD."<": metavalue detected, returning FALSE
at 0 ps, Instance /bin2dectest/uut/\layer_for(8)\/\add3_for(2)\/add3/ : Warning: NUMERIC_STD."<": metavalue detected, returning FALSE
at 0 ps, Instance /bin2dectest/uut/\layer_for(8)\/\add3_for(3)\/add3/ : Warning: NUMERIC_STD."<": metavalue detected, returning FALSE
at 0 ps, Instance /bin2dectest/uut/\layer_for(8)\/\add3_for(4)\/add3/ : Warning: NUMERIC_STD."<": metavalue detected, returning FALSE
at 0 ps, Instance /bin2dectest/uut/\layer_for(9)\/\add3_for(1)\/add3/ : Warning: NUMERIC_STD."<": metavalue detected, returning FALSE
at 0 ps, Instance /bin2dectest/uut/\layer_for(9)\/\add3_for(0)\/add3/ : Warning: NUMERIC_STD."<": metavalue detected, returning FALSE
at 0 ps, Instance /bin2dectest/uut/\layer_for(9)\/\add3_for(2)\/add3/ : Warning: NUMERIC_STD."<": metavalue detected, returning FALSE
at 0 ps, Instance /bin2dectest/uut/\layer_for(9)\/\add3_for(3)\/add3/ : Warning: NUMERIC_STD."<": metavalue detected, returning FALSE
at 0 ps, Instance /bin2dectest/uut/\layer_for(9)\/\add3_for(4)\/add3/ : Warning: NUMERIC_STD."<": metavalue detected, returning FALSE
at 0 ps, Instance /bin2dectest/uut/\layer_for(10)\/\add3_for(1)\/add3/ : Warning: NUMERIC_STD."<": metavalue detected, returning FALSE
at 0 ps, Instance /bin2dectest/uut/\layer_for(10)\/\add3_for(0)\/add3/ : Warning: NUMERIC_STD."<": metavalue detected, returning FALSE
at 0 ps, Instance /bin2dectest/uut/\layer_for(10)\/\add3_for(2)\/add3/ : Warning: NUMERIC_STD."<": metavalue detected, returning FALSE
at 0 ps, Instance /bin2dectest/uut/\layer_for(10)\/\add3_for(3)\/add3/ : Warning: NUMERIC_STD."<": metavalue detected, returning FALSE
at 0 ps, Instance /bin2dectest/uut/\layer_for(10)\/\add3_for(4)\/add3/ : Warning: NUMERIC_STD."<": metavalue detected, returning FALSE
at 0 ps, Instance /bin2dectest/uut/\layer_for(11)\/\add3_for(1)\/add3/ : Warning: NUMERIC_STD."<": metavalue detected, returning FALSE
at 0 ps, Instance /bin2dectest/uut/\layer_for(11)\/\add3_for(0)\/add3/ : Warning: NUMERIC_STD."<": metavalue detected, returning FALSE
at 0 ps, Instance /bin2dectest/uut/\layer_for(11)\/\add3_for(2)\/add3/ : Warning: NUMERIC_STD."<": metavalue detected, returning FALSE
at 0 ps, Instance /bin2dectest/uut/\layer_for(11)\/\add3_for(3)\/add3/ : Warning: NUMERIC_STD."<": metavalue detected, returning FALSE
at 0 ps, Instance /bin2dectest/uut/\layer_for(11)\/\add3_for(4)\/add3/ : Warning: NUMERIC_STD."<": metavalue detected, returning FALSE
at 0 ps, Instance /bin2dectest/uut/\layer_for(12)\/\add3_for(1)\/add3/ : Warning: NUMERIC_STD."<": metavalue detected, returning FALSE
at 0 ps, Instance /bin2dectest/uut/\layer_for(12)\/\add3_for(0)\/add3/ : Warning: NUMERIC_STD."<": metavalue detected, returning FALSE
at 0 ps, Instance /bin2dectest/uut/\layer_for(12)\/\add3_for(2)\/add3/ : Warning: NUMERIC_STD."<": metavalue detected, returning FALSE
at 0 ps, Instance /bin2dectest/uut/\layer_for(12)\/\add3_for(3)\/add3/ : Warning: NUMERIC_STD."<": metavalue detected, returning FALSE
at 0 ps, Instance /bin2dectest/uut/\layer_for(12)\/\add3_for(4)\/add3/ : Warning: NUMERIC_STD."<": metavalue detected, returning FALSE
at 0 ps, Instance /bin2dectest/uut/\layer_for(13)\/\add3_for(1)\/add3/ : Warning: NUMERIC_STD."<": metavalue detected, returning FALSE
at 0 ps, Instance /bin2dectest/uut/\layer_for(13)\/\add3_for(0)\/add3/ : Warning: NUMERIC_STD."<": metavalue detected, returning FALSE
at 0 ps, Instance /bin2dectest/uut/\layer_for(13)\/\add3_for(2)\/add3/ : Warning: NUMERIC_STD."<": metavalue detected, returning FALSE
at 0 ps, Instance /bin2dectest/uut/\layer_for(13)\/\add3_for(3)\/add3/ : Warning: NUMERIC_STD."<": metavalue detected, returning FALSE
at 0 ps, Instance /bin2dectest/uut/\layer_for(13)\/\add3_for(4)\/add3/ : Warning: NUMERIC_STD."<": metavalue detected, returning FALSE
at 0 ps, Instance /bin2dectest/uut/\layer_for(14)\/\add3_for(1)\/add3/ : Warning: NUMERIC_STD."<": metavalue detected, returning FALSE
at 0 ps, Instance /bin2dectest/uut/\layer_for(14)\/\add3_for(0)\/add3/ : Warning: NUMERIC_STD."<": metavalue detected, returning FALSE
at 0 ps, Instance /bin2dectest/uut/\layer_for(14)\/\add3_for(2)\/add3/ : Warning: NUMERIC_STD."<": metavalue detected, returning FALSE
at 0 ps, Instance /bin2dectest/uut/\layer_for(14)\/\add3_for(3)\/add3/ : Warning: NUMERIC_STD."<": metavalue detected, returning FALSE
at 0 ps, Instance /bin2dectest/uut/\layer_for(14)\/\add3_for(4)\/add3/ : Warning: NUMERIC_STD."<": metavalue detected, returning FALSE
at 0 ps, Instance /bin2dectest/uut/\layer_for(15)\/\add3_for(1)\/add3/ : Warning: NUMERIC_STD."<": metavalue detected, returning FALSE
at 0 ps, Instance /bin2dectest/uut/\layer_for(15)\/\add3_for(0)\/add3/ : Warning: NUMERIC_STD."<": metavalue detected, returning FALSE
at 0 ps, Instance /bin2dectest/uut/\layer_for(15)\/\add3_for(2)\/add3/ : Warning: NUMERIC_STD."<": metavalue detected, returning FALSE
at 0 ps, Instance /bin2dectest/uut/\layer_for(15)\/\add3_for(3)\/add3/ : Warning: NUMERIC_STD."<": metavalue detected, returning FALSE
at 0 ps, Instance /bin2dectest/uut/\layer_for(15)\/\add3_for(4)\/add3/ : Warning: NUMERIC_STD."<": metavalue detected, returning FALSE
