This is pdfTeX, Version 3.1415926-2.5-1.40.13 (TeX Live 2013/dev) (format=pdflatex 2013.4.2)  11 MAY 2013 21:28
entering extended mode
 restricted \write18 enabled.
 %&-line parsing enabled.
**report.tex
(./report.tex
LaTeX2e <2011/06/27>
Babel <v3.8m> and hyphenation patterns for english, dumylang, nohyphenation, po
lish, loaded.
(/usr/share/texlive/texmf-dist/tex/latex/koma-script/scrartcl.cls
Document Class: scrartcl 2012/07/29 v3.11b KOMA-Script document class (article)

(/usr/share/texlive/texmf-dist/tex/latex/koma-script/scrkbase.sty
Package: scrkbase 2012/07/29 v3.11b KOMA-Script package (KOMA-Script-dependent 
basics and keyval usage)

(/usr/share/texlive/texmf-dist/tex/latex/koma-script/scrbase.sty
Package: scrbase 2012/07/29 v3.11b KOMA-Script package (KOMA-Script-independent
 basics and keyval usage)

(/usr/share/texlive/texmf-dist/tex/latex/graphics/keyval.sty
Package: keyval 1999/03/16 v1.13 key=value parser (DPC)
\KV@toks@=\toks14
)
(/usr/share/texlive/texmf-dist/tex/latex/koma-script/scrlfile.sty
Package: scrlfile 2012/06/15 v3.12 KOMA-Script package (loading files)

Package scrlfile, 2012/06/15 v3.12 KOMA-Script package (loading files)
                  Copyright (C) Markus Kohm

))) (/usr/share/texlive/texmf-dist/tex/latex/koma-script/tocbasic.sty
Package: tocbasic 2012/04/04 v3.10b KOMA-Script package (handling toc-files)
)
Package tocbasic Info: omitting babel extension for `toc'
(tocbasic)             because of feature `nobabel' available
(tocbasic)             for `toc' on input line 115.
Package tocbasic Info: omitting babel extension for `lof'
(tocbasic)             because of feature `nobabel' available
(tocbasic)             for `lof' on input line 116.
Package tocbasic Info: omitting babel extension for `lot'
(tocbasic)             because of feature `nobabel' available
(tocbasic)             for `lot' on input line 117.
Class scrartcl Info: File `scrsize11pt.clo' used to setup font sizes on input l
ine 1267.

(/usr/share/texlive/texmf-dist/tex/latex/koma-script/scrsize11pt.clo
File: scrsize11pt.clo 2012/07/29 v3.11b KOMA-Script font size class option (11p
t)
)
(/usr/share/texlive/texmf-dist/tex/latex/koma-script/typearea.sty
Package: typearea 2012/07/29 v3.11b KOMA-Script package (type area)

Package typearea, 2012/07/29 v3.11b KOMA-Script package (type area)
                  Copyright (C) Frank Neukam, 1992-1994
                  Copyright (C) Markus Kohm, 1994-

\ta@bcor=\skip41
\ta@div=\count79
\ta@hblk=\skip42
\ta@vblk=\skip43
\ta@temp=\skip44
Package typearea Info: These are the values describing the layout:
(typearea)             DIV  = 10
(typearea)             BCOR = 0.0pt
(typearea)             \paperwidth      = 597.50793pt
(typearea)              \textwidth      = 418.25555pt
(typearea)              DIV departure   = -6%
(typearea)              \evensidemargin = 17.3562pt
(typearea)              \oddsidemargin  = 17.3562pt
(typearea)             \paperheight     = 845.04694pt
(typearea)              \textheight     = 595.80026pt
(typearea)              \topmargin      = -25.16531pt
(typearea)              \headheight     = 17.0pt
(typearea)              \headsep        = 20.40001pt
(typearea)              \topskip        = 11.0pt
(typearea)              \footskip       = 47.60002pt
(typearea)              \baselineskip   = 13.6pt
(typearea)              on input line 1213.
)
\c@part=\count80
\c@section=\count81
\c@subsection=\count82
\c@subsubsection=\count83
\c@paragraph=\count84
\c@subparagraph=\count85
\abovecaptionskip=\skip45
\belowcaptionskip=\skip46
\c@pti@nb@sid@b@x=\box26
\c@figure=\count86
\c@table=\count87
\bibindent=\dimen102
) (/usr/share/texlive/texmf-dist/tex/latex/base/fontenc.sty
Package: fontenc 2005/09/27 v1.99g Standard LaTeX package

(/usr/share/texlive/texmf-dist/tex/latex/base/ot4enc.def
File: ot4enc.def 2005/09/27 v1.99g Standard LaTeX file
)
LaTeX Font Info:    Try loading font information for OT4+cmr on input line 100.


(/usr/share/texlive/texmf-dist/tex/latex/polski/ot4cmr.fd
File: ot4cmr.fd 2008/02/24 v1.2.1 Font defs for fonts PL (MW)
))
(/usr/share/texlive/texmf-dist/tex/latex/base/inputenc.sty
Package: inputenc 2008/03/30 v1.1d Input encoding file
\inpenc@prehook=\toks15
\inpenc@posthook=\toks16

(/usr/share/texlive/texmf-dist/tex/latex/base/utf8.def
File: utf8.def 2008/04/05 v1.1m UTF-8 support for inputenc
Now handling font encoding OML ...
... no UTF-8 mapping file for font encoding OML
Now handling font encoding T1 ...
... processing UTF-8 mapping file for font encoding T1

(/usr/share/texlive/texmf-dist/tex/latex/base/t1enc.dfu
File: t1enc.dfu 2008/04/05 v1.1m UTF-8 support for inputenc
   defining Unicode char U+00A1 (decimal 161)
   defining Unicode char U+00A3 (decimal 163)
   defining Unicode char U+00AB (decimal 171)
   defining Unicode char U+00BB (decimal 187)
   defining Unicode char U+00BF (decimal 191)
   defining Unicode char U+00C0 (decimal 192)
   defining Unicode char U+00C1 (decimal 193)
   defining Unicode char U+00C2 (decimal 194)
   defining Unicode char U+00C3 (decimal 195)
   defining Unicode char U+00C4 (decimal 196)
   defining Unicode char U+00C5 (decimal 197)
   defining Unicode char U+00C6 (decimal 198)
   defining Unicode char U+00C7 (decimal 199)
   defining Unicode char U+00C8 (decimal 200)
   defining Unicode char U+00C9 (decimal 201)
   defining Unicode char U+00CA (decimal 202)
   defining Unicode char U+00CB (decimal 203)
   defining Unicode char U+00CC (decimal 204)
   defining Unicode char U+00CD (decimal 205)
   defining Unicode char U+00CE (decimal 206)
   defining Unicode char U+00CF (decimal 207)
   defining Unicode char U+00D0 (decimal 208)
   defining Unicode char U+00D1 (decimal 209)
   defining Unicode char U+00D2 (decimal 210)
   defining Unicode char U+00D3 (decimal 211)
   defining Unicode char U+00D4 (decimal 212)
   defining Unicode char U+00D5 (decimal 213)
   defining Unicode char U+00D6 (decimal 214)
   defining Unicode char U+00D8 (decimal 216)
   defining Unicode char U+00D9 (decimal 217)
   defining Unicode char U+00DA (decimal 218)
   defining Unicode char U+00DB (decimal 219)
   defining Unicode char U+00DC (decimal 220)
   defining Unicode char U+00DD (decimal 221)
   defining Unicode char U+00DE (decimal 222)
   defining Unicode char U+00DF (decimal 223)
   defining Unicode char U+00E0 (decimal 224)
   defining Unicode char U+00E1 (decimal 225)
   defining Unicode char U+00E2 (decimal 226)
   defining Unicode char U+00E3 (decimal 227)
   defining Unicode char U+00E4 (decimal 228)
   defining Unicode char U+00E5 (decimal 229)
   defining Unicode char U+00E6 (decimal 230)
   defining Unicode char U+00E7 (decimal 231)
   defining Unicode char U+00E8 (decimal 232)
   defining Unicode char U+00E9 (decimal 233)
   defining Unicode char U+00EA (decimal 234)
   defining Unicode char U+00EB (decimal 235)
   defining Unicode char U+00EC (decimal 236)
   defining Unicode char U+00ED (decimal 237)
   defining Unicode char U+00EE (decimal 238)
   defining Unicode char U+00EF (decimal 239)
   defining Unicode char U+00F0 (decimal 240)
   defining Unicode char U+00F1 (decimal 241)
   defining Unicode char U+00F2 (decimal 242)
   defining Unicode char U+00F3 (decimal 243)
   defining Unicode char U+00F4 (decimal 244)
   defining Unicode char U+00F5 (decimal 245)
   defining Unicode char U+00F6 (decimal 246)
   defining Unicode char U+00F8 (decimal 248)
   defining Unicode char U+00F9 (decimal 249)
   defining Unicode char U+00FA (decimal 250)
   defining Unicode char U+00FB (decimal 251)
   defining Unicode char U+00FC (decimal 252)
   defining Unicode char U+00FD (decimal 253)
   defining Unicode char U+00FE (decimal 254)
   defining Unicode char U+00FF (decimal 255)
   defining Unicode char U+0102 (decimal 258)
   defining Unicode char U+0103 (decimal 259)
   defining Unicode char U+0104 (decimal 260)
   defining Unicode char U+0105 (decimal 261)
   defining Unicode char U+0106 (decimal 262)
   defining Unicode char U+0107 (decimal 263)
   defining Unicode char U+010C (decimal 268)
   defining Unicode char U+010D (decimal 269)
   defining Unicode char U+010E (decimal 270)
   defining Unicode char U+010F (decimal 271)
   defining Unicode char U+0110 (decimal 272)
   defining Unicode char U+0111 (decimal 273)
   defining Unicode char U+0118 (decimal 280)
   defining Unicode char U+0119 (decimal 281)
   defining Unicode char U+011A (decimal 282)
   defining Unicode char U+011B (decimal 283)
   defining Unicode char U+011E (decimal 286)
   defining Unicode char U+011F (decimal 287)
   defining Unicode char U+0130 (decimal 304)
   defining Unicode char U+0131 (decimal 305)
   defining Unicode char U+0132 (decimal 306)
   defining Unicode char U+0133 (decimal 307)
   defining Unicode char U+0139 (decimal 313)
   defining Unicode char U+013A (decimal 314)
   defining Unicode char U+013D (decimal 317)
   defining Unicode char U+013E (decimal 318)
   defining Unicode char U+0141 (decimal 321)
   defining Unicode char U+0142 (decimal 322)
   defining Unicode char U+0143 (decimal 323)
   defining Unicode char U+0144 (decimal 324)
   defining Unicode char U+0147 (decimal 327)
   defining Unicode char U+0148 (decimal 328)
   defining Unicode char U+014A (decimal 330)
   defining Unicode char U+014B (decimal 331)
   defining Unicode char U+0150 (decimal 336)
   defining Unicode char U+0151 (decimal 337)
   defining Unicode char U+0152 (decimal 338)
   defining Unicode char U+0153 (decimal 339)
   defining Unicode char U+0154 (decimal 340)
   defining Unicode char U+0155 (decimal 341)
   defining Unicode char U+0158 (decimal 344)
   defining Unicode char U+0159 (decimal 345)
   defining Unicode char U+015A (decimal 346)
   defining Unicode char U+015B (decimal 347)
   defining Unicode char U+015E (decimal 350)
   defining Unicode char U+015F (decimal 351)
   defining Unicode char U+0160 (decimal 352)
   defining Unicode char U+0161 (decimal 353)
   defining Unicode char U+0162 (decimal 354)
   defining Unicode char U+0163 (decimal 355)
   defining Unicode char U+0164 (decimal 356)
   defining Unicode char U+0165 (decimal 357)
   defining Unicode char U+016E (decimal 366)
   defining Unicode char U+016F (decimal 367)
   defining Unicode char U+0170 (decimal 368)
   defining Unicode char U+0171 (decimal 369)
   defining Unicode char U+0178 (decimal 376)
   defining Unicode char U+0179 (decimal 377)
   defining Unicode char U+017A (decimal 378)
   defining Unicode char U+017B (decimal 379)
   defining Unicode char U+017C (decimal 380)
   defining Unicode char U+017D (decimal 381)
   defining Unicode char U+017E (decimal 382)
   defining Unicode char U+200C (decimal 8204)
   defining Unicode char U+2013 (decimal 8211)
   defining Unicode char U+2014 (decimal 8212)
   defining Unicode char U+2018 (decimal 8216)
   defining Unicode char U+2019 (decimal 8217)
   defining Unicode char U+201A (decimal 8218)
   defining Unicode char U+201C (decimal 8220)
   defining Unicode char U+201D (decimal 8221)
   defining Unicode char U+201E (decimal 8222)
   defining Unicode char U+2030 (decimal 8240)
   defining Unicode char U+2031 (decimal 8241)
   defining Unicode char U+2039 (decimal 8249)
   defining Unicode char U+203A (decimal 8250)
   defining Unicode char U+2423 (decimal 9251)
)
Now handling font encoding OT1 ...
... processing UTF-8 mapping file for font encoding OT1

(/usr/share/texlive/texmf-dist/tex/latex/base/ot1enc.dfu
File: ot1enc.dfu 2008/04/05 v1.1m UTF-8 support for inputenc
   defining Unicode char U+00A1 (decimal 161)
   defining Unicode char U+00A3 (decimal 163)
   defining Unicode char U+00B8 (decimal 184)
   defining Unicode char U+00BF (decimal 191)
   defining Unicode char U+00C5 (decimal 197)
   defining Unicode char U+00C6 (decimal 198)
   defining Unicode char U+00D8 (decimal 216)
   defining Unicode char U+00DF (decimal 223)
   defining Unicode char U+00E6 (decimal 230)
   defining Unicode char U+00EC (decimal 236)
   defining Unicode char U+00ED (decimal 237)
   defining Unicode char U+00EE (decimal 238)
   defining Unicode char U+00EF (decimal 239)
   defining Unicode char U+00F8 (decimal 248)
   defining Unicode char U+0131 (decimal 305)
   defining Unicode char U+0141 (decimal 321)
   defining Unicode char U+0142 (decimal 322)
   defining Unicode char U+0152 (decimal 338)
   defining Unicode char U+0153 (decimal 339)
   defining Unicode char U+2013 (decimal 8211)
   defining Unicode char U+2014 (decimal 8212)
   defining Unicode char U+2018 (decimal 8216)
   defining Unicode char U+2019 (decimal 8217)
   defining Unicode char U+201C (decimal 8220)
   defining Unicode char U+201D (decimal 8221)
)
Now handling font encoding OMS ...
... processing UTF-8 mapping file for font encoding OMS

(/usr/share/texlive/texmf-dist/tex/latex/base/omsenc.dfu
File: omsenc.dfu 2008/04/05 v1.1m UTF-8 support for inputenc
   defining Unicode char U+00A7 (decimal 167)
   defining Unicode char U+00B6 (decimal 182)
   defining Unicode char U+00B7 (decimal 183)
   defining Unicode char U+2020 (decimal 8224)
   defining Unicode char U+2021 (decimal 8225)
   defining Unicode char U+2022 (decimal 8226)
)
Now handling font encoding OMX ...
... no UTF-8 mapping file for font encoding OMX
Now handling font encoding U ...
... no UTF-8 mapping file for font encoding U
Now handling font encoding OT4 ...
... no UTF-8 mapping file for font encoding OT4
   defining Unicode char U+00A9 (decimal 169)
   defining Unicode char U+00AA (decimal 170)
   defining Unicode char U+00AE (decimal 174)
   defining Unicode char U+00BA (decimal 186)
   defining Unicode char U+02C6 (decimal 710)
   defining Unicode char U+02DC (decimal 732)
   defining Unicode char U+200C (decimal 8204)
   defining Unicode char U+2026 (decimal 8230)
   defining Unicode char U+2122 (decimal 8482)
   defining Unicode char U+2423 (decimal 9251)
))
(/usr/share/texlive/texmf-dist/tex/latex/fourier/fourier.sty
Package: fourier 2005/01/01 1.4 fourier-GUTenberg package
Now handling font encoding FML ...
... no UTF-8 mapping file for font encoding FML
Now handling font encoding FMS ...
... no UTF-8 mapping file for font encoding FMS
Now handling font encoding FMX ...
... no UTF-8 mapping file for font encoding FMX

(/usr/share/texlive/texmf-dist/tex/latex/base/fontenc.sty
Package: fontenc 2005/09/27 v1.99g Standard LaTeX package

(/usr/share/texlive/texmf-dist/tex/latex/base/t1enc.def
File: t1enc.def 2005/09/27 v1.99g Standard LaTeX file
LaTeX Font Info:    Redeclaring font encoding T1 on input line 43.
))
(/usr/share/texlive/texmf-dist/tex/latex/base/textcomp.sty
Package: textcomp 2005/09/27 v1.99g Standard LaTeX package
Package textcomp Info: Sub-encoding information:
(textcomp)               5 = only ISO-Adobe without \textcurrency
(textcomp)               4 = 5 + \texteuro
(textcomp)               3 = 4 + \textohm
(textcomp)               2 = 3 + \textestimated + \textcurrency
(textcomp)               1 = TS1 - \textcircled - \t
(textcomp)               0 = TS1 (full)
(textcomp)             Font families with sub-encoding setting implement
(textcomp)             only a restricted character set as indicated.
(textcomp)             Family '?' is the default used for unknown fonts.
(textcomp)             See the documentation for details.
Package textcomp Info: Setting ? sub-encoding to TS1/1 on input line 71.

(/usr/share/texlive/texmf-dist/tex/latex/base/ts1enc.def
File: ts1enc.def 2001/06/05 v3.0e (jk/car/fm) Standard LaTeX file
Now handling font encoding TS1 ...
... processing UTF-8 mapping file for font encoding TS1

(/usr/share/texlive/texmf-dist/tex/latex/base/ts1enc.dfu
File: ts1enc.dfu 2008/04/05 v1.1m UTF-8 support for inputenc
   defining Unicode char U+00A2 (decimal 162)
   defining Unicode char U+00A3 (decimal 163)
   defining Unicode char U+00A4 (decimal 164)
   defining Unicode char U+00A5 (decimal 165)
   defining Unicode char U+00A6 (decimal 166)
   defining Unicode char U+00A7 (decimal 167)
   defining Unicode char U+00A8 (decimal 168)
   defining Unicode char U+00A9 (decimal 169)
   defining Unicode char U+00AA (decimal 170)
   defining Unicode char U+00AC (decimal 172)
   defining Unicode char U+00AE (decimal 174)
   defining Unicode char U+00AF (decimal 175)
   defining Unicode char U+00B0 (decimal 176)
   defining Unicode char U+00B1 (decimal 177)
   defining Unicode char U+00B2 (decimal 178)
   defining Unicode char U+00B3 (decimal 179)
   defining Unicode char U+00B4 (decimal 180)
   defining Unicode char U+00B5 (decimal 181)
   defining Unicode char U+00B6 (decimal 182)
   defining Unicode char U+00B7 (decimal 183)
   defining Unicode char U+00B9 (decimal 185)
   defining Unicode char U+00BA (decimal 186)
   defining Unicode char U+00BC (decimal 188)
   defining Unicode char U+00BD (decimal 189)
   defining Unicode char U+00BE (decimal 190)
   defining Unicode char U+00D7 (decimal 215)
   defining Unicode char U+00F7 (decimal 247)
   defining Unicode char U+0192 (decimal 402)
   defining Unicode char U+02C7 (decimal 711)
   defining Unicode char U+02D8 (decimal 728)
   defining Unicode char U+02DD (decimal 733)
   defining Unicode char U+0E3F (decimal 3647)
   defining Unicode char U+2016 (decimal 8214)
   defining Unicode char U+2020 (decimal 8224)
   defining Unicode char U+2021 (decimal 8225)
   defining Unicode char U+2022 (decimal 8226)
   defining Unicode char U+2030 (decimal 8240)
   defining Unicode char U+2031 (decimal 8241)
   defining Unicode char U+203B (decimal 8251)
   defining Unicode char U+203D (decimal 8253)
   defining Unicode char U+2044 (decimal 8260)
   defining Unicode char U+204E (decimal 8270)
   defining Unicode char U+2052 (decimal 8274)
   defining Unicode char U+20A1 (decimal 8353)
   defining Unicode char U+20A4 (decimal 8356)
   defining Unicode char U+20A6 (decimal 8358)
   defining Unicode char U+20A9 (decimal 8361)
   defining Unicode char U+20AB (decimal 8363)
   defining Unicode char U+20AC (decimal 8364)
   defining Unicode char U+20B1 (decimal 8369)
   defining Unicode char U+2103 (decimal 8451)
   defining Unicode char U+2116 (decimal 8470)
   defining Unicode char U+2117 (decimal 8471)
   defining Unicode char U+211E (decimal 8478)
   defining Unicode char U+2120 (decimal 8480)
   defining Unicode char U+2122 (decimal 8482)
   defining Unicode char U+2126 (decimal 8486)
   defining Unicode char U+2127 (decimal 8487)
   defining Unicode char U+212E (decimal 8494)
   defining Unicode char U+2190 (decimal 8592)
   defining Unicode char U+2191 (decimal 8593)
   defining Unicode char U+2192 (decimal 8594)
   defining Unicode char U+2193 (decimal 8595)
   defining Unicode char U+2329 (decimal 9001)
   defining Unicode char U+232A (decimal 9002)
   defining Unicode char U+2422 (decimal 9250)
   defining Unicode char U+25E6 (decimal 9702)
   defining Unicode char U+25EF (decimal 9711)
   defining Unicode char U+266A (decimal 9834)
))
LaTeX Info: Redefining \oldstylenums on input line 266.
Package textcomp Info: Setting cmr sub-encoding to TS1/0 on input line 281.
Package textcomp Info: Setting cmss sub-encoding to TS1/0 on input line 282.
Package textcomp Info: Setting cmtt sub-encoding to TS1/0 on input line 283.
Package textcomp Info: Setting cmvtt sub-encoding to TS1/0 on input line 284.
Package textcomp Info: Setting cmbr sub-encoding to TS1/0 on input line 285.
Package textcomp Info: Setting cmtl sub-encoding to TS1/0 on input line 286.
Package textcomp Info: Setting ccr sub-encoding to TS1/0 on input line 287.
Package textcomp Info: Setting ptm sub-encoding to TS1/4 on input line 288.
Package textcomp Info: Setting pcr sub-encoding to TS1/4 on input line 289.
Package textcomp Info: Setting phv sub-encoding to TS1/4 on input line 290.
Package textcomp Info: Setting ppl sub-encoding to TS1/3 on input line 291.
Package textcomp Info: Setting pag sub-encoding to TS1/4 on input line 292.
Package textcomp Info: Setting pbk sub-encoding to TS1/4 on input line 293.
Package textcomp Info: Setting pnc sub-encoding to TS1/4 on input line 294.
Package textcomp Info: Setting pzc sub-encoding to TS1/4 on input line 295.
Package textcomp Info: Setting bch sub-encoding to TS1/4 on input line 296.
Package textcomp Info: Setting put sub-encoding to TS1/5 on input line 297.
Package textcomp Info: Setting uag sub-encoding to TS1/5 on input line 298.
Package textcomp Info: Setting ugq sub-encoding to TS1/5 on input line 299.
Package textcomp Info: Setting ul8 sub-encoding to TS1/4 on input line 300.
Package textcomp Info: Setting ul9 sub-encoding to TS1/4 on input line 301.
Package textcomp Info: Setting augie sub-encoding to TS1/5 on input line 302.
Package textcomp Info: Setting dayrom sub-encoding to TS1/3 on input line 303.
Package textcomp Info: Setting dayroms sub-encoding to TS1/3 on input line 304.

Package textcomp Info: Setting pxr sub-encoding to TS1/0 on input line 305.
Package textcomp Info: Setting pxss sub-encoding to TS1/0 on input line 306.
Package textcomp Info: Setting pxtt sub-encoding to TS1/0 on input line 307.
Package textcomp Info: Setting txr sub-encoding to TS1/0 on input line 308.
Package textcomp Info: Setting txss sub-encoding to TS1/0 on input line 309.
Package textcomp Info: Setting txtt sub-encoding to TS1/0 on input line 310.
Package textcomp Info: Setting lmr sub-encoding to TS1/0 on input line 311.
Package textcomp Info: Setting lmdh sub-encoding to TS1/0 on input line 312.
Package textcomp Info: Setting lmss sub-encoding to TS1/0 on input line 313.
Package textcomp Info: Setting lmssq sub-encoding to TS1/0 on input line 314.
Package textcomp Info: Setting lmvtt sub-encoding to TS1/0 on input line 315.
Package textcomp Info: Setting qhv sub-encoding to TS1/0 on input line 316.
Package textcomp Info: Setting qag sub-encoding to TS1/0 on input line 317.
Package textcomp Info: Setting qbk sub-encoding to TS1/0 on input line 318.
Package textcomp Info: Setting qcr sub-encoding to TS1/0 on input line 319.
Package textcomp Info: Setting qcs sub-encoding to TS1/0 on input line 320.
Package textcomp Info: Setting qpl sub-encoding to TS1/0 on input line 321.
Package textcomp Info: Setting qtm sub-encoding to TS1/0 on input line 322.
Package textcomp Info: Setting qzc sub-encoding to TS1/0 on input line 323.
Package textcomp Info: Setting qhvc sub-encoding to TS1/0 on input line 324.
Package textcomp Info: Setting futs sub-encoding to TS1/4 on input line 325.
Package textcomp Info: Setting futx sub-encoding to TS1/4 on input line 326.
Package textcomp Info: Setting futj sub-encoding to TS1/4 on input line 327.
Package textcomp Info: Setting hlh sub-encoding to TS1/3 on input line 328.
Package textcomp Info: Setting hls sub-encoding to TS1/3 on input line 329.
Package textcomp Info: Setting hlst sub-encoding to TS1/3 on input line 330.
Package textcomp Info: Setting hlct sub-encoding to TS1/5 on input line 331.
Package textcomp Info: Setting hlx sub-encoding to TS1/5 on input line 332.
Package textcomp Info: Setting hlce sub-encoding to TS1/5 on input line 333.
Package textcomp Info: Setting hlcn sub-encoding to TS1/5 on input line 334.
Package textcomp Info: Setting hlcw sub-encoding to TS1/5 on input line 335.
Package textcomp Info: Setting hlcf sub-encoding to TS1/5 on input line 336.
Package textcomp Info: Setting pplx sub-encoding to TS1/3 on input line 337.
Package textcomp Info: Setting pplj sub-encoding to TS1/3 on input line 338.
Package textcomp Info: Setting ptmx sub-encoding to TS1/4 on input line 339.
Package textcomp Info: Setting ptmj sub-encoding to TS1/4 on input line 340.
)
(/usr/share/texlive/texmf-dist/tex/latex/fourier/fourier-orns.sty
Package: fourier-orns 2004/01/30 1.1 fourier-ornaments package
)
LaTeX Font Info:    Redeclaring symbol font `operators' on input line 50.
LaTeX Font Info:    Encoding `OT1' has changed to `T1' for symbol font
(Font)              `operators' in the math version `normal' on input line 50.
LaTeX Font Info:    Overwriting symbol font `operators' in version `normal'
(Font)                  OT1/cmr/m/n --> T1/futs/m/n on input line 50.
LaTeX Font Info:    Encoding `OT1' has changed to `T1' for symbol font
(Font)              `operators' in the math version `bold' on input line 50.
LaTeX Font Info:    Overwriting symbol font `operators' in version `bold'
(Font)                  OT1/cmr/bx/n --> T1/futs/m/n on input line 50.
LaTeX Font Info:    Overwriting symbol font `operators' in version `bold'
(Font)                  T1/futs/m/n --> T1/futs/b/n on input line 51.
LaTeX Font Info:    Redeclaring symbol font `letters' on input line 59.
LaTeX Font Info:    Encoding `OML' has changed to `FML' for symbol font
(Font)              `letters' in the math version `normal' on input line 59.
LaTeX Font Info:    Overwriting symbol font `letters' in version `normal'
(Font)                  OML/cmm/m/it --> FML/futmi/m/it on input line 59.
LaTeX Font Info:    Encoding `OML' has changed to `FML' for symbol font
(Font)              `letters' in the math version `bold' on input line 59.
LaTeX Font Info:    Overwriting symbol font `letters' in version `bold'
(Font)                  OML/cmm/b/it --> FML/futmi/m/it on input line 59.
\symotherletters=\mathgroup4
LaTeX Font Info:    Overwriting symbol font `letters' in version `bold'
(Font)                  FML/futmi/m/it --> FML/futmi/b/it on input line 61.
LaTeX Font Info:    Overwriting symbol font `otherletters' in version `bold'
(Font)                  FML/futm/m/it --> FML/futm/b/it on input line 62.
LaTeX Font Info:    Redeclaring math symbol \Gamma on input line 63.
LaTeX Font Info:    Redeclaring math symbol \Delta on input line 64.
LaTeX Font Info:    Redeclaring math symbol \Theta on input line 65.
LaTeX Font Info:    Redeclaring math symbol \Lambda on input line 66.
LaTeX Font Info:    Redeclaring math symbol \Xi on input line 67.
LaTeX Font Info:    Redeclaring math symbol \Pi on input line 68.
LaTeX Font Info:    Redeclaring math symbol \Sigma on input line 69.
LaTeX Font Info:    Redeclaring math symbol \Upsilon on input line 70.
LaTeX Font Info:    Redeclaring math symbol \Phi on input line 71.
LaTeX Font Info:    Redeclaring math symbol \Psi on input line 72.
LaTeX Font Info:    Redeclaring math symbol \Omega on input line 73.
LaTeX Font Info:    Redeclaring symbol font `symbols' on input line 113.
LaTeX Font Info:    Encoding `OMS' has changed to `FMS' for symbol font
(Font)              `symbols' in the math version `normal' on input line 113.
LaTeX Font Info:    Overwriting symbol font `symbols' in version `normal'
(Font)                  OMS/cmsy/m/n --> FMS/futm/m/n on input line 113.
LaTeX Font Info:    Encoding `OMS' has changed to `FMS' for symbol font
(Font)              `symbols' in the math version `bold' on input line 113.
LaTeX Font Info:    Overwriting symbol font `symbols' in version `bold'
(Font)                  OMS/cmsy/b/n --> FMS/futm/m/n on input line 113.
LaTeX Font Info:    Redeclaring symbol font `largesymbols' on input line 114.
LaTeX Font Info:    Encoding `OMX' has changed to `FMX' for symbol font
(Font)              `largesymbols' in the math version `normal' on input line 1
14.
LaTeX Font Info:    Overwriting symbol font `largesymbols' in version `normal'
(Font)                  OMX/cmex/m/n --> FMX/futm/m/n on input line 114.
LaTeX Font Info:    Encoding `OMX' has changed to `FMX' for symbol font
(Font)              `largesymbols' in the math version `bold' on input line 114
.
LaTeX Font Info:    Overwriting symbol font `largesymbols' in version `bold'
(Font)                  OMX/cmex/m/n --> FMX/futm/m/n on input line 114.
LaTeX Font Info:    Redeclaring math alphabet \mathbf on input line 115.
LaTeX Font Info:    Overwriting math alphabet `\mathbf' in version `normal'
(Font)                  OT1/cmr/bx/n --> T1/futs/bx/n on input line 115.
LaTeX Font Info:    Overwriting math alphabet `\mathbf' in version `bold'
(Font)                  OT1/cmr/bx/n --> T1/futs/bx/n on input line 115.
LaTeX Font Info:    Redeclaring math alphabet \mathrm on input line 116.
LaTeX Font Info:    Redeclaring math alphabet \mathit on input line 117.
LaTeX Font Info:    Overwriting math alphabet `\mathit' in version `normal'
(Font)                  OT1/cmr/m/it --> T1/futs/m/it on input line 117.
LaTeX Font Info:    Overwriting math alphabet `\mathit' in version `bold'
(Font)                  OT1/cmr/bx/it --> T1/futs/m/it on input line 117.
LaTeX Font Info:    Redeclaring math alphabet \mathcal on input line 118.
LaTeX Font Info:    Redeclaring math symbol \parallel on input line 134.
LaTeX Font Info:    Redeclaring math symbol \hbar on input line 148.
LaTeX Font Info:    Redeclaring math symbol \varkappa on input line 186.
LaTeX Font Info:    Redeclaring math symbol \varvarrho on input line 187.
LaTeX Font Info:    Redeclaring math delimiter \Vert on input line 210.
LaTeX Font Info:    Redeclaring math delimiter \vert on input line 215.
LaTeX Font Info:    Redeclaring math delimiter \Downarrow on input line 225.
LaTeX Font Info:    Redeclaring math delimiter \backslash on input line 227.
LaTeX Font Info:    Redeclaring math delimiter \rangle on input line 229.
LaTeX Font Info:    Redeclaring math delimiter \langle on input line 231.
LaTeX Font Info:    Redeclaring math delimiter \rbrace on input line 233.
LaTeX Font Info:    Redeclaring math delimiter \lbrace on input line 235.
LaTeX Font Info:    Redeclaring math delimiter \rceil on input line 237.
LaTeX Font Info:    Redeclaring math delimiter \lceil on input line 239.
LaTeX Font Info:    Redeclaring math delimiter \rfloor on input line 241.
LaTeX Font Info:    Redeclaring math delimiter \lfloor on input line 243.
LaTeX Font Info:    Redeclaring math accent \acute on input line 247.
LaTeX Font Info:    Redeclaring math accent \grave on input line 248.
LaTeX Font Info:    Redeclaring math accent \ddot on input line 249.
LaTeX Font Info:    Redeclaring math accent \tilde on input line 250.
LaTeX Font Info:    Redeclaring math accent \bar on input line 251.
LaTeX Font Info:    Redeclaring math accent \breve on input line 252.
LaTeX Font Info:    Redeclaring math accent \check on input line 253.
LaTeX Font Info:    Redeclaring math accent \hat on input line 254.
LaTeX Font Info:    Redeclaring math accent \dot on input line 255.
LaTeX Font Info:    Redeclaring math accent \mathring on input line 256.
\symUfutm=\mathgroup5
)
(/usr/share/texlive/texmf-dist/tex/generic/babel/babel.sty
Package: babel 2008/07/08 v3.8m The Babel package

(/usr/share/texlive/texmf-dist/tex/generic/babel/polish.ldf
Language: polish 2005/03/31 v1.2l Polish support from the babel system

(/usr/share/texlive/texmf-dist/tex/generic/babel/babel.def
File: babel.def 2008/07/08 v3.8m Babel common definitions
\babel@savecnt=\count88
\U@D=\dimen103
)
Package babel Info: Making " an active character on input line 83.
\pl@left=\dimen104
\pl@down=\dimen105
\pl@right=\dimen106
\pl@temp=\dimen107
))
(/usr/share/texlive/texmf-dist/tex/latex/microtype/microtype.sty
Package: microtype 2013/03/13 v2.5 Micro-typographical refinements (RS)
\MT@toks=\toks17
\MT@count=\count89
LaTeX Info: Redefining \textls on input line 771.
\MT@outer@kern=\dimen108
LaTeX Info: Redefining \textmicrotypecontext on input line 1290.
\MT@listname@count=\count90

(/usr/share/texlive/texmf-dist/tex/latex/microtype/microtype-pdftex.def
File: microtype-pdftex.def 2013/03/13 v2.5 Definitions specific to pdftex (RS)
LaTeX Info: Redefining \lsstyle on input line 889.
LaTeX Info: Redefining \lslig on input line 889.
\MT@outer@space=\skip47
)
Package microtype Info: Loading configuration file microtype.cfg.

(/usr/share/texlive/texmf-dist/tex/latex/microtype/microtype.cfg
File: microtype.cfg 2013/03/13 v2.5 microtype main configuration file (RS)
))
(/usr/share/texlive/texmf-dist/tex/latex/amsmath/amsmath.sty
Package: amsmath 2013/01/14 v2.14 AMS math features
\@mathmargin=\skip48

For additional information on amsmath, use the `?' option.
(/usr/share/texlive/texmf-dist/tex/latex/amsmath/amstext.sty
Package: amstext 2000/06/29 v2.01

(/usr/share/texlive/texmf-dist/tex/latex/amsmath/amsgen.sty
File: amsgen.sty 1999/11/30 v2.0
\@emptytoks=\toks18
\ex@=\dimen109
))
(/usr/share/texlive/texmf-dist/tex/latex/amsmath/amsbsy.sty
Package: amsbsy 1999/11/29 v1.2d
\pmbraise@=\dimen110
)
(/usr/share/texlive/texmf-dist/tex/latex/amsmath/amsopn.sty
Package: amsopn 1999/12/14 v2.01 operator names
)
\inf@bad=\count91
LaTeX Info: Redefining \frac on input line 210.
\uproot@=\count92
\leftroot@=\count93
LaTeX Info: Redefining \overline on input line 306.
\classnum@=\count94
\DOTSCASE@=\count95
LaTeX Info: Redefining \ldots on input line 378.
LaTeX Info: Redefining \dots on input line 381.
LaTeX Info: Redefining \cdots on input line 466.
\Mathstrutbox@=\box27
\strutbox@=\box28
\big@size=\dimen111
LaTeX Font Info:    Redeclaring font encoding OML on input line 566.
LaTeX Font Info:    Redeclaring font encoding OMS on input line 567.
\macc@depth=\count96
\c@MaxMatrixCols=\count97
\dotsspace@=\muskip10
\c@parentequation=\count98
\dspbrk@lvl=\count99
\tag@help=\toks19
\row@=\count100
\column@=\count101
\maxfields@=\count102
\andhelp@=\toks20
\eqnshift@=\dimen112
\alignsep@=\dimen113
\tagshift@=\dimen114
\tagwidth@=\dimen115
\totwidth@=\dimen116
\lineht@=\dimen117
\@envbody=\toks21
\multlinegap=\skip49
\multlinetaggap=\skip50
\mathdisplay@stack=\toks22
LaTeX Info: Redefining \[ on input line 2665.
LaTeX Info: Redefining \] on input line 2666.
)
(/usr/share/texlive/texmf-dist/tex/latex/amsfonts/amsfonts.sty
Package: amsfonts 2013/01/14 v3.01 Basic AMSFonts support
\symAMSa=\mathgroup6
\symAMSb=\mathgroup7
LaTeX Font Info:    Overwriting math alphabet `\mathfrak' in version `bold'
(Font)                  U/euf/m/n --> U/euf/b/n on input line 106.
LaTeX Font Info:    Redeclaring math symbol \square on input line 141.
)
(/usr/share/texlive/texmf-dist/tex/latex/amscls/amsthm.sty
Package: amsthm 2004/08/06 v2.20
\thm@style=\toks23
\thm@bodyfont=\toks24
\thm@headfont=\toks25
\thm@notefont=\toks26
\thm@headpunct=\toks27
\thm@preskip=\skip51
\thm@postskip=\skip52
\thm@headsep=\skip53
\dth@everypar=\toks28
)
(/usr/share/texlive/texmf-dist/tex/latex/graphics/graphicx.sty
Package: graphicx 1999/02/16 v1.0f Enhanced LaTeX Graphics (DPC,SPQR)

(/usr/share/texlive/texmf-dist/tex/latex/graphics/graphics.sty
Package: graphics 2009/02/05 v1.0o Standard LaTeX Graphics (DPC,SPQR)

(/usr/share/texlive/texmf-dist/tex/latex/graphics/trig.sty
Package: trig 1999/03/16 v1.09 sin cos tan (DPC)
)
(/usr/share/texlive/texmf-dist/tex/latex/latexconfig/graphics.cfg
File: graphics.cfg 2010/04/23 v1.9 graphics configuration of TeX Live
)
Package graphics Info: Driver file: pdftex.def on input line 91.

(/usr/share/texlive/texmf-dist/tex/latex/pdftex-def/pdftex.def
File: pdftex.def 2011/05/27 v0.06d Graphics/color for pdfTeX

(/usr/share/texlive/texmf-dist/tex/generic/oberdiek/infwarerr.sty
Package: infwarerr 2010/04/08 v1.3 Providing info/warning/error messages (HO)
)
(/usr/share/texlive/texmf-dist/tex/generic/oberdiek/ltxcmds.sty
Package: ltxcmds 2011/11/09 v1.22 LaTeX kernel commands for general use (HO)
)
\Gread@gobject=\count103
))
\Gin@req@height=\dimen118
\Gin@req@width=\dimen119
)
(/usr/share/texlive/texmf-dist/tex/latex/url/url.sty
\Urlmuskip=\muskip11
Package: url 2006/04/12  ver 3.3  Verb mode for urls, etc.
)
(/usr/share/texlive/texmf-dist/tex/latex/mh/mathtools.sty
Package: mathtools 2013/02/12 v1.13 mathematical typesetting tools

(/usr/share/texlive/texmf-dist/tex/latex/tools/calc.sty
Package: calc 2007/08/22 v4.3 Infix arithmetic (KKT,FJ)
\calc@Acount=\count104
\calc@Bcount=\count105
\calc@Adimen=\dimen120
\calc@Bdimen=\dimen121
\calc@Askip=\skip54
\calc@Bskip=\skip55
LaTeX Info: Redefining \setlength on input line 76.
LaTeX Info: Redefining \addtolength on input line 77.
\calc@Ccount=\count106
\calc@Cskip=\skip56
)
(/usr/share/texlive/texmf-dist/tex/latex/mh/mhsetup.sty
Package: mhsetup 2010/01/21 v1.2a programming setup (MH)
)
LaTeX Info: Thecontrolsequence`\['isalreadyrobust on input line 129.
LaTeX Info: Thecontrolsequence`\]'isalreadyrobust on input line 129.
\g_MT_multlinerow_int=\count107
\l_MT_multwidth_dim=\dimen122
\origjot=\skip57
\l_MT_shortvdotswithinadjustabove_dim=\dimen123
\l_MT_shortvdotswithinadjustbelow_dim=\dimen124
\l_MT_above_intertext_sep=\dimen125
\l_MT_below_intertext_sep=\dimen126
\l_MT_above_shortintertext_sep=\dimen127
\l_MT_below_shortintertext_sep=\dimen128
)
(/usr/share/texlive/texmf-dist/tex/latex/multirow/multirow.sty
\bigstrutjot=\dimen129
)
(/usr/share/texlive/texmf-dist/tex/latex/caption/caption.sty
Package: caption 2013/02/03 v3.3-65 Customizing captions (AR)

(/usr/share/texlive/texmf-dist/tex/latex/caption/caption3.sty
Package: caption3 2013/02/03 v1.5-62 caption3 kernel (AR)
\captionmargin=\dimen130
\captionmargin@=\dimen131
\captionwidth=\dimen132
\caption@tempdima=\dimen133
\caption@indent=\dimen134
\caption@parindent=\dimen135
\caption@hangindent=\dimen136
)
Package caption Info: KOMA-Script document class.
\c@ContinuedFloat=\count108
)
(/usr/share/texlive/texmf-dist/tex/latex/sectsty/sectsty.sty
Package: sectsty 2002/02/25 v2.0.2 Commands to change all sectional heading sty
les
)
(/usr/share/texlive/texmf-dist/tex/latex/fancyhdr/fancyhdr.sty
\fancy@headwidth=\skip58
\f@ncyO@elh=\skip59
\f@ncyO@erh=\skip60
\f@ncyO@olh=\skip61
\f@ncyO@orh=\skip62
\f@ncyO@elf=\skip63
\f@ncyO@erf=\skip64
\f@ncyO@olf=\skip65
\f@ncyO@orf=\skip66
) (./report.aux)
\openout1 = `report.aux'.

LaTeX Font Info:    Checking defaults for OML/cmm/m/it on input line 67.
LaTeX Font Info:    ... okay on input line 67.
LaTeX Font Info:    Checking defaults for T1/cmr/m/n on input line 67.
LaTeX Font Info:    ... okay on input line 67.
LaTeX Font Info:    Checking defaults for OT1/cmr/m/n on input line 67.
LaTeX Font Info:    ... okay on input line 67.
LaTeX Font Info:    Checking defaults for OMS/cmsy/m/n on input line 67.
LaTeX Font Info:    ... okay on input line 67.
LaTeX Font Info:    Checking defaults for OMX/cmex/m/n on input line 67.
LaTeX Font Info:    ... okay on input line 67.
LaTeX Font Info:    Checking defaults for U/cmr/m/n on input line 67.
LaTeX Font Info:    ... okay on input line 67.
LaTeX Font Info:    Checking defaults for OT4/cmr/m/n on input line 67.
LaTeX Font Info:    ... okay on input line 67.
LaTeX Font Info:    Checking defaults for FML/futm/m/it on input line 67.
LaTeX Font Info:    Try loading font information for FML+futm on input line 67.


(/usr/share/texlive/texmf-dist/tex/latex/fourier/fmlfutm.fd
File: fmlfutm.fd 2004/10/30 Fontinst v1.926 font definitions for FML/futm.
)
LaTeX Font Info:    ... okay on input line 67.
LaTeX Font Info:    Checking defaults for FMS/futm/m/n on input line 67.
LaTeX Font Info:    Try loading font information for FMS+futm on input line 67.


(/usr/share/texlive/texmf-dist/tex/latex/fourier/fmsfutm.fd
File: fmsfutm.fd 2004/10/30 Fontinst v1.926 font definitions for FMS/futm.
)
LaTeX Font Info:    ... okay on input line 67.
LaTeX Font Info:    Checking defaults for FMX/futm/m/n on input line 67.
LaTeX Font Info:    Try loading font information for FMX+futm on input line 67.


(/usr/share/texlive/texmf-dist/tex/latex/fourier/fmxfutm.fd
File: fmxfutm.fd futm-extension
)
LaTeX Font Info:    ... okay on input line 67.
LaTeX Font Info:    Checking defaults for TS1/cmr/m/n on input line 67.
LaTeX Font Info:    Try loading font information for TS1+cmr on input line 67.

(/usr/share/texlive/texmf-dist/tex/latex/base/ts1cmr.fd
File: ts1cmr.fd 1999/05/25 v2.5h Standard LaTeX font definitions
)
LaTeX Font Info:    ... okay on input line 67.
LaTeX Font Info:    Try loading font information for T1+futs on input line 67.

(/usr/share/texlive/texmf-dist/tex/latex/fourier/t1futs.fd
File: t1futs.fd 2004/03/02 Fontinst v1.926 font definitions for T1/futs.
)
LaTeX Info: Redefining \microtypecontext on input line 67.
Package microtype Info: Generating PDF output.
Package microtype Info: Character protrusion enabled (level 2).
Package microtype Info: Using default protrusion set `alltext'.
Package microtype Info: Automatic font expansion enabled (level 2),
(microtype)             stretch: 20, shrink: 20, step: 1, non-selected.
Package microtype Info: Using default expansion set `basictext'.
Package microtype Info: No adjustment of tracking.
Package microtype Info: No adjustment of interword spacing.
Package microtype Info: No adjustment of character kerning.
Package microtype Info: Loading generic settings for font family
(microtype)             `futs' (encoding: T1).
(microtype)             For optimal results, create family-specific settings.
(microtype)             See the microtype manual for details.

(/usr/share/texlive/texmf-dist/tex/context/base/supp-pdf.mkii
[Loading MPS to PDF converter (version 2006.09.02).]
\scratchcounter=\count109
\scratchdimen=\dimen137
\scratchbox=\box29
\nofMPsegments=\count110
\nofMParguments=\count111
\everyMPshowfont=\toks29
\MPscratchCnt=\count112
\MPscratchDim=\dimen138
\MPnumerator=\count113
\makeMPintoPDFobject=\count114
\everyMPtoPDFconversion=\toks30
) (/usr/share/texlive/texmf-dist/tex/generic/oberdiek/pdftexcmds.sty
Package: pdftexcmds 2011/11/29 v0.20 Utility functions of pdfTeX for LuaTeX (HO
)

(/usr/share/texlive/texmf-dist/tex/generic/oberdiek/ifluatex.sty
Package: ifluatex 2010/03/01 v1.3 Provides the ifluatex switch (HO)
Package ifluatex Info: LuaTeX not detected.
)
(/usr/share/texlive/texmf-dist/tex/generic/oberdiek/ifpdf.sty
Package: ifpdf 2011/01/30 v2.3 Provides the ifpdf switch (HO)
Package ifpdf Info: pdfTeX in PDF mode is detected.
)
Package pdftexcmds Info: LuaTeX not detected.
Package pdftexcmds Info: \pdf@primitive is available.
Package pdftexcmds Info: \pdf@ifprimitive is available.
Package pdftexcmds Info: \pdfdraftmode found.
)
(/usr/share/texlive/texmf-dist/tex/latex/oberdiek/epstopdf-base.sty
Package: epstopdf-base 2010/02/09 v2.5 Base part for package epstopdf

(/usr/share/texlive/texmf-dist/tex/latex/oberdiek/grfext.sty
Package: grfext 2010/08/19 v1.1 Manage graphics extensions (HO)

(/usr/share/texlive/texmf-dist/tex/generic/oberdiek/kvdefinekeys.sty
Package: kvdefinekeys 2011/04/07 v1.3 Define keys (HO)
))
(/usr/share/texlive/texmf-dist/tex/latex/oberdiek/kvoptions.sty
Package: kvoptions 2011/06/30 v3.11 Key value format for package options (HO)

(/usr/share/texlive/texmf-dist/tex/generic/oberdiek/kvsetkeys.sty
Package: kvsetkeys 2012/04/25 v1.16 Key value parser (HO)

(/usr/share/texlive/texmf-dist/tex/generic/oberdiek/etexcmds.sty
Package: etexcmds 2011/02/16 v1.5 Avoid name clashes with e-TeX commands (HO)
Package etexcmds Info: Could not find \expanded.
(etexcmds)             That can mean that you are not using pdfTeX 1.50 or
(etexcmds)             that some package has redefined \expanded.
(etexcmds)             In the latter case, load this package earlier.
)))
Package grfext Info: Graphics extension search list:
(grfext)             [.png,.pdf,.jpg,.mps,.jpeg,.jbig2,.jb2,.PNG,.PDF,.JPG,.JPE
G,.JBIG2,.JB2,.eps]
(grfext)             \AppendGraphicsExtensions on input line 452.

(/usr/share/texlive/texmf-dist/tex/latex/latexconfig/epstopdf-sys.cfg
File: epstopdf-sys.cfg 2010/07/13 v1.3 Configuration of (r)epstopdf for TeX Liv
e
))
Package caption Info: Begin \AtBeginDocument code.
Package caption Info: End \AtBeginDocument code.
LaTeX Font Info:    Try loading font information for T1+cmss on input line 71.

(/usr/share/texlive/texmf-dist/tex/latex/base/t1cmss.fd
File: t1cmss.fd 1999/05/25 v2.5h Standard LaTeX font definitions
)
Package microtype Info: Loading generic settings for font family
(microtype)             `cmss' (encoding: T1).
(microtype)             For optimal results, create family-specific settings.
(microtype)             See the microtype manual for details.
LaTeX Font Info:    Try loading font information for OT1+bch on input line 71.

(/usr/share/texlive/texmf-dist/tex/latex/psnfss/ot1bch.fd
File: ot1bch.fd 2004/10/18 font definitions for OT1/bch.
)
(/usr/share/texlive/texmf-dist/tex/latex/microtype/mt-bch.cfg
File: mt-bch.cfg 2007/03/03 v1.5 microtype config. file: Bitstream Charter (RS)

)
LaTeX Font Info:    Try loading font information for FML+futmi on input line 71
.

(/usr/share/texlive/texmf-dist/tex/latex/fourier/fmlfutmi.fd
File: fmlfutmi.fd 2004/10/30 Fontinst v1.926 font definitions for FML/futmi.
)
LaTeX Font Info:    Font shape `FMX/futm/m/n' will be
(Font)              scaled to size 13.24796pt on input line 71.
LaTeX Font Info:    Font shape `FMX/futm/m/n' will be
(Font)              scaled to size 9.19998pt on input line 71.
LaTeX Font Info:    Font shape `FMX/futm/m/n' will be
(Font)              scaled to size 7.35999pt on input line 71.
LaTeX Font Info:    Font shape `U/futm/m/n' will be
(Font)              scaled to size 13.24796pt on input line 71.
LaTeX Font Info:    Font shape `U/futm/m/n' will be
(Font)              scaled to size 9.19998pt on input line 71.
LaTeX Font Info:    Font shape `U/futm/m/n' will be
(Font)              scaled to size 7.35999pt on input line 71.
LaTeX Font Info:    Try loading font information for U+msa on input line 71.

(/usr/share/texlive/texmf-dist/tex/latex/amsfonts/umsa.fd
File: umsa.fd 2013/01/14 v3.01 AMS symbols A
)
(/usr/share/texlive/texmf-dist/tex/latex/microtype/mt-msa.cfg
File: mt-msa.cfg 2006/02/04 v1.1 microtype config. file: AMS symbols (a) (RS)
)
LaTeX Font Info:    Try loading font information for U+msb on input line 71.

(/usr/share/texlive/texmf-dist/tex/latex/amsfonts/umsb.fd
File: umsb.fd 2013/01/14 v3.01 AMS symbols B
)
(/usr/share/texlive/texmf-dist/tex/latex/microtype/mt-msb.cfg
File: mt-msb.cfg 2005/06/01 v1.0 microtype config. file: AMS symbols (b) (RS)
)
Underfull \hbox (badness 10000) in paragraph at lines 80--83

 []

LaTeX Font Info:    Try loading font information for TS1+futs on input line 86.

(/usr/share/texlive/texmf-dist/tex/latex/fourier/ts1futs.fd
File: ts1futs.fd 2004/03/26 Fontinst v1.926 font definitions for TS1/futs.
)
Package microtype Info: Loading generic settings for font family
(microtype)             `futs' (encoding: TS1).
(microtype)             For optimal results, create family-specific settings.
(microtype)             See the microtype manual for details.
LaTeX Font Info:    Font shape `FMX/futm/m/n' will be
(Font)              scaled to size 10.07397pt on input line 86.
LaTeX Font Info:    Font shape `FMX/futm/m/n' will be
(Font)              scaled to size 7.63599pt on input line 86.
LaTeX Font Info:    Font shape `FMX/futm/m/n' will be
(Font)              scaled to size 5.51999pt on input line 86.
LaTeX Font Info:    Font shape `U/futm/m/n' will be
(Font)              scaled to size 10.07397pt on input line 86.
LaTeX Font Info:    Font shape `U/futm/m/n' will be
(Font)              scaled to size 7.63599pt on input line 86.
LaTeX Font Info:    Font shape `U/futm/m/n' will be
(Font)              scaled to size 5.51999pt on input line 86.

Underfull \hbox (badness 10000) in paragraph at lines 106--110

 []

[1


{/usr/share/texlive/texmf/fonts/map/pdftex/updmap/pdftex.map}]
Underfull \hbox (badness 10000) in paragraph at lines 111--114

 []

LaTeX Font Info:    Try loading font information for T1+cmtt on input line 119.

(/usr/share/texlive/texmf-dist/tex/latex/base/t1cmtt.fd
File: t1cmtt.fd 1999/05/25 v2.5h Standard LaTeX font definitions
)
Package microtype Info: Loading generic settings for font family
(microtype)             `cmtt' (encoding: T1).
(microtype)             For optimal results, create family-specific settings.
(microtype)             See the microtype manual for details.

Underfull \hbox (badness 10000) in paragraph at lines 115--120

 []

<report/podzial.png, id=8, 281.05pt x 207.977pt>
File: report/podzial.png Graphic file (type png)
 <use report/podzial.png>
Package pdftex.def Info: report/podzial.png used on input line 123.
(pdftex.def)             Requested size: 281.0493pt x 207.97649pt.

Underfull \hbox (badness 10000) in paragraph at lines 129--132

 []


LaTeX Warning: `h' float specifier changed to `ht'.

<report/seq-time.pdf, id=10, 361.35pt x 256.96pt>
File: report/seq-time.pdf Graphic file (type pdf)
 <use report/seq-time.pdf>
Package pdftex.def Info: report/seq-time.pdf used on input line 175.
(pdftex.def)             Requested size: 361.34912pt x 256.95937pt.

[2 <./report/podzial.png>]
Overfull \hbox (7.83447pt too wide) in paragraph at lines 179--184
[]\T1/futs/m/n/10.95 (-20) Wida¢ do±¢ wy-ra¹ne za-bu-rze-nie dla $[]$, który wy
-daje si¦ dzia-ªa¢ szyb-ciej ni» $[]$.
 []

<report/seq-time-norm.pdf, id=17, 428.80202pt x 256.96pt>
File: report/seq-time-norm.pdf Graphic file (type pdf)

<use report/seq-time-norm.pdf>
Package pdftex.def Info: report/seq-time-norm.pdf used on input line 187.
(pdftex.def)             Requested size: 428.80096pt x 256.95937pt.

Overfull \hbox (10.54541pt too wide) in paragraph at lines 187--189
 [][] 
 []


LaTeX Warning: `h' float specifier changed to `ht'.


Underfull \hbox (badness 10000) in paragraph at lines 192--198

 []

[3 <./report/seq-time.pdf>] <report/var.pdf, id=40, 481.8pt x 240.9pt>
File: report/var.pdf Graphic file (type pdf)

<use report/var.pdf>
Package pdftex.def Info: report/var.pdf used on input line 211.
(pdftex.def)             Requested size: 481.79881pt x 240.8994pt.

Overfull \hbox (63.54326pt too wide) in paragraph at lines 211--212
 [] 
 []


Underfull \hbox (badness 10000) in paragraph at lines 218--223

 []

[4 <./report/seq-time-norm.pdf> <./report/var.pdf

pdfTeX warning: pdflatex (file ./report/var.pdf): PDF inclusion: multiple pdfs 
with page group included in a single page
>]
Underfull \hbox (badness 10000) in paragraph at lines 233--236

 []


Underfull \hbox (badness 10000) in paragraph at lines 237--238

 []


Underfull \hbox (badness 10000) in paragraph at lines 239--241

 []


Underfull \hbox (badness 10000) in paragraph at lines 242--248

 []

<report/time-2500.pdf, id=81, 435.22601pt x 330.03299pt>
File: report/time-2500.pdf Graphic file (type pdf)

<use report/time-2500.pdf>
Package pdftex.def Info: report/time-2500.pdf used on input line 251.
(pdftex.def)             Requested size: 384.1122pt x 291.27594pt.

<report/time-5000.pdf, id=82, 435.22601pt x 330.03299pt>
File: report/time-5000.pdf Graphic file (type pdf)

<use report/time-5000.pdf>
Package pdftex.def Info: report/time-5000.pdf used on input line 257.
(pdftex.def)             Requested size: 384.1122pt x 291.27594pt.
 [5 <./report/time-2500.pdf>]
<report/time-10000.pdf, id=111, 435.22601pt x 330.03299pt>
File: report/time-10000.pdf Graphic file (type pdf)

<use report/time-10000.pdf>
Package pdftex.def Info: report/time-10000.pdf used on input line 263.
(pdftex.def)             Requested size: 384.1122pt x 291.27594pt.

<report/time-15000.pdf, id=112, 435.22601pt x 330.03299pt>
File: report/time-15000.pdf Graphic file (type pdf)

<use report/time-15000.pdf>
Package pdftex.def Info: report/time-15000.pdf used on input line 269.
(pdftex.def)             Requested size: 384.1122pt x 291.27594pt.
 [6 <./report/time-5000.pdf> <./report/time-10000.pdf

pdfTeX warning: pdflatex (file ./report/time-10000.pdf): PDF inclusion: multipl
e pdfs with page group included in a single page
>] <report/time-20000.pdf, id=153, 435.22601pt x 330.03299pt>
File: report/time-20000.pdf Graphic file (type pdf)

<use report/time-20000.pdf>
Package pdftex.def Info: report/time-20000.pdf used on input line 275.
(pdftex.def)             Requested size: 384.1122pt x 291.27594pt.

<report/time-25000.pdf, id=154, 435.22601pt x 330.03299pt>
File: report/time-25000.pdf Graphic file (type pdf)

<use report/time-25000.pdf>
Package pdftex.def Info: report/time-25000.pdf used on input line 281.
(pdftex.def)             Requested size: 384.1122pt x 291.27594pt.
 [7 <./report/time-15000.pdf> <./report/time-20000.pdf

pdfTeX warning: pdflatex (file ./report/time-20000.pdf): PDF inclusion: multipl
e pdfs with page group included in a single page
>] <report/time-30000.pdf, id=200, 435.22601pt x 330.03299pt>
File: report/time-30000.pdf Graphic file (type pdf)

<use report/time-30000.pdf>
Package pdftex.def Info: report/time-30000.pdf used on input line 287.
(pdftex.def)             Requested size: 384.1122pt x 291.27594pt.

<report/time-40000.pdf, id=201, 435.22601pt x 330.03299pt>
File: report/time-40000.pdf Graphic file (type pdf)

<use report/time-40000.pdf>
Package pdftex.def Info: report/time-40000.pdf used on input line 293.
(pdftex.def)             Requested size: 384.1122pt x 291.27594pt.
 [8 <./report/time-25000.pdf> <./report/time-30000.pdf

pdfTeX warning: pdflatex (file ./report/time-30000.pdf): PDF inclusion: multipl
e pdfs with page group included in a single page
>]
Underfull \hbox (badness 10000) in paragraph at lines 303--307

 []

<report/speedup-2500.pdf, id=248, 459.61305pt x 319.7458pt>
File: report/speedup-2500.pdf Graphic file (type pdf)

<use report/speedup-2500.pdf>
Package pdftex.def Info: report/speedup-2500.pdf used on input line 314.
(pdftex.def)             Requested size: 384.1122pt x 267.22829pt.
 [9 <./report/time-40000.pdf>]
<report/speedup-5000.pdf, id=274, 464.02957pt x 319.7458pt>
File: report/speedup-5000.pdf Graphic file (type pdf)

<use report/speedup-5000.pdf>
Package pdftex.def Info: report/speedup-5000.pdf used on input line 316.
(pdftex.def)             Requested size: 384.1122pt x 264.69125pt.

<report/speedup-10000.pdf, id=275, 464.02957pt x 319.7458pt>
File: report/speedup-10000.pdf Graphic file (type pdf)

<use report/speedup-10000.pdf>
Package pdftex.def Info: report/speedup-10000.pdf used on input line 318.
(pdftex.def)             Requested size: 384.1122pt x 264.69125pt.
 [10 <./report/speedup-2500.pdf> <./report/speedup-5000.pdf

pdfTeX warning: pdflatex (file ./report/speedup-5000.pdf): PDF inclusion: multi
ple pdfs with page group included in a single page
>] <report/speedup-15000.pdf, id=331, 464.02957pt x 319.7458pt>
File: report/speedup-15000.pdf Graphic file (type pdf)

<use report/speedup-15000.pdf>
Package pdftex.def Info: report/speedup-15000.pdf used on input line 320.
(pdftex.def)             Requested size: 384.1122pt x 264.69125pt.

<report/speedup-20000.pdf, id=332, 464.02957pt x 319.7458pt>
File: report/speedup-20000.pdf Graphic file (type pdf)

<use report/speedup-20000.pdf>
Package pdftex.def Info: report/speedup-20000.pdf used on input line 322.
(pdftex.def)             Requested size: 384.1122pt x 264.69125pt.
 [11 <./report/speedup-10000.pdf> <./report/speedup-15000.pdf

pdfTeX warning: pdflatex (file ./report/speedup-15000.pdf): PDF inclusion: mult
iple pdfs with page group included in a single page
>] <report/speedup-25000.pdf, id=387, 464.02957pt x 319.7458pt>
File: report/speedup-25000.pdf Graphic file (type pdf)

<use report/speedup-25000.pdf>
Package pdftex.def Info: report/speedup-25000.pdf used on input line 324.
(pdftex.def)             Requested size: 384.1122pt x 264.69125pt.

<report/speedup-30000.pdf, id=388, 464.02957pt x 319.76933pt>
File: report/speedup-30000.pdf Graphic file (type pdf)

<use report/speedup-30000.pdf>
Package pdftex.def Info: report/speedup-30000.pdf used on input line 326.
(pdftex.def)             Requested size: 384.1122pt x 264.71072pt.
 [12 <./report/speedup-20000.pdf> <./report/speedup-25000.pdf

pdfTeX warning: pdflatex (file ./report/speedup-25000.pdf): PDF inclusion: mult
iple pdfs with page group included in a single page
>] <report/speedup-40000.pdf, id=443, 464.02957pt x 319.7458pt>
File: report/speedup-40000.pdf Graphic file (type pdf)

<use report/speedup-40000.pdf>
Package pdftex.def Info: report/speedup-40000.pdf used on input line 328.
(pdftex.def)             Requested size: 384.1122pt x 264.69125pt.

Underfull \hbox (badness 10000) in paragraph at lines 335--338

 []


Underfull \hbox (badness 10000) in paragraph at lines 335--338

 []

[13 <./report/speedup-30000.pdf> <./report/speedup-40000.pdf

pdfTeX warning: pdflatex (file ./report/speedup-40000.pdf): PDF inclusion: mult
iple pdfs with page group included in a single page
>] <report/comp-speedup-2500.pdf, id=500, 462.82506pt x 319.85875pt>
File: report/comp-speedup-2500.pdf Graphic file (type pdf)

<use report/comp-speedup-2500.pdf>
Package pdftex.def Info: report/comp-speedup-2500.pdf used on input line 339.
(pdftex.def)             Requested size: 384.1122pt x 265.46317pt.

Underfull \hbox (badness 10000) in paragraph at lines 339--340

 []


Underfull \hbox (badness 10000) in paragraph at lines 339--340

 []


Underfull \hbox (badness 10000) in paragraph at lines 339--340

 []


Underfull \hbox (badness 10000) in paragraph at lines 339--340

 []

<report/comp-speedup-5000.pdf, id=501, 459.61305pt x 319.85875pt>
File: report/comp-speedup-5000.pdf Graphic file (type pdf)

<use report/comp-speedup-5000.pdf>
Package pdftex.def Info: report/comp-speedup-5000.pdf used on input line 341.
(pdftex.def)             Requested size: 384.1122pt x 267.32268pt.

Underfull \hbox (badness 10000) in paragraph at lines 341--342

 []


Underfull \hbox (badness 10000) in paragraph at lines 341--342

 []


Underfull \hbox (badness 10000) in paragraph at lines 341--342

 []


Underfull \hbox (badness 10000) in paragraph at lines 341--342

 []

<report/comp-speedup-10000.pdf, id=502, 462.82506pt x 319.85875pt>
File: report/comp-speedup-10000.pdf Graphic file (type pdf)

<use report/comp-speedup-10000.pdf>
Package pdftex.def Info: report/comp-speedup-10000.pdf used on input line 343.
(pdftex.def)             Requested size: 384.1122pt x 265.46317pt.

Underfull \hbox (badness 10000) in paragraph at lines 343--344

 []


Underfull \hbox (badness 10000) in paragraph at lines 343--344

 []


Underfull \hbox (badness 10000) in paragraph at lines 343--344

 []


Underfull \hbox (badness 10000) in paragraph at lines 343--344

 []

[14 <./report/comp-speedup-2500.pdf> <./report/comp-speedup-5000.pdf

pdfTeX warning: pdflatex (file ./report/comp-speedup-5000.pdf): PDF inclusion: 
multiple pdfs with page group included in a single page
>] <report/comp-speedup-15000.pdf, id=557, 459.61305pt x 319.7458pt>
File: report/comp-speedup-15000.pdf Graphic file (type pdf)

<use report/comp-speedup-15000.pdf>
Package pdftex.def Info: report/comp-speedup-15000.pdf used on input line 345.
(pdftex.def)             Requested size: 384.1122pt x 267.22829pt.

Underfull \hbox (badness 10000) in paragraph at lines 345--346

 []


Underfull \hbox (badness 10000) in paragraph at lines 345--346

 []


Underfull \hbox (badness 10000) in paragraph at lines 345--346

 []


Underfull \hbox (badness 10000) in paragraph at lines 345--346

 []

<report/comp-speedup-20000.pdf, id=558, 462.82506pt x 319.85875pt>
File: report/comp-speedup-20000.pdf Graphic file (type pdf)

<use report/comp-speedup-20000.pdf>
Package pdftex.def Info: report/comp-speedup-20000.pdf used on input line 347.
(pdftex.def)             Requested size: 384.1122pt x 265.46317pt.

Underfull \hbox (badness 10000) in paragraph at lines 347--348

 []


Underfull \hbox (badness 10000) in paragraph at lines 347--348

 []


Underfull \hbox (badness 10000) in paragraph at lines 347--348

 []


Underfull \hbox (badness 10000) in paragraph at lines 347--348

 []

[15 <./report/comp-speedup-10000.pdf> <./report/comp-speedup-15000.pdf

pdfTeX warning: pdflatex (file ./report/comp-speedup-15000.pdf): PDF inclusion:
 multiple pdfs with page group included in a single page
>] <report/comp-speedup-25000.pdf, id=614, 459.61305pt x 319.85875pt>
File: report/comp-speedup-25000.pdf Graphic file (type pdf)

<use report/comp-speedup-25000.pdf>
Package pdftex.def Info: report/comp-speedup-25000.pdf used on input line 349.
(pdftex.def)             Requested size: 384.1122pt x 267.32268pt.

Underfull \hbox (badness 10000) in paragraph at lines 349--350

 []


Underfull \hbox (badness 10000) in paragraph at lines 349--350

 []


Underfull \hbox (badness 10000) in paragraph at lines 349--350

 []


Underfull \hbox (badness 10000) in paragraph at lines 349--350

 []

<report/comp-speedup-30000.pdf, id=615, 462.82506pt x 319.88228pt>
File: report/comp-speedup-30000.pdf Graphic file (type pdf)

<use report/comp-speedup-30000.pdf>
Package pdftex.def Info: report/comp-speedup-30000.pdf used on input line 351.
(pdftex.def)             Requested size: 384.1122pt x 265.48268pt.

Underfull \hbox (badness 10000) in paragraph at lines 351--352

 []


Underfull \hbox (badness 10000) in paragraph at lines 351--352

 []


Underfull \hbox (badness 10000) in paragraph at lines 351--352

 []


Underfull \hbox (badness 10000) in paragraph at lines 351--352

 []

[16 <./report/comp-speedup-20000.pdf> <./report/comp-speedup-25000.pdf

pdfTeX warning: pdflatex (file ./report/comp-speedup-25000.pdf): PDF inclusion:
 multiple pdfs with page group included in a single page
>] <report/comp-speedup-40000.pdf, id=670, 462.82506pt x 319.85875pt>
File: report/comp-speedup-40000.pdf Graphic file (type pdf)

<use report/comp-speedup-40000.pdf>
Package pdftex.def Info: report/comp-speedup-40000.pdf used on input line 353.
(pdftex.def)             Requested size: 384.1122pt x 265.46317pt.

Underfull \hbox (badness 10000) in paragraph at lines 353--354

 []


Underfull \hbox (badness 10000) in paragraph at lines 353--354

 []


Underfull \hbox (badness 10000) in paragraph at lines 353--354

 []


Underfull \hbox (badness 10000) in paragraph at lines 353--354

 []


Underfull \hbox (badness 10000) in paragraph at lines 358--362

 []

[17 <./report/comp-speedup-30000.pdf> <./report/comp-speedup-40000.pdf

pdfTeX warning: pdflatex (file ./report/comp-speedup-40000.pdf): PDF inclusion:
 multiple pdfs with page group included in a single page
>] <report/eff-whole.pdf, id=725, 277.77832pt x 233.88976pt>
File: report/eff-whole.pdf Graphic file (type pdf)

<use report/eff-whole.pdf>
Package pdftex.def Info: report/eff-whole.pdf used on input line 371.
(pdftex.def)             Requested size: 341.43306pt x 287.51494pt.

Underfull \hbox (badness 10000) in paragraph at lines 371--372

 []


Underfull \hbox (badness 10000) in paragraph at lines 371--372

 []


Underfull \hbox (badness 10000) in paragraph at lines 371--372

 []


Underfull \hbox (badness 10000) in paragraph at lines 371--372

 []

<report/comp-eff-whole.pdf, id=726, 277.77832pt x 233.88976pt>
File: report/comp-eff-whole.pdf Graphic file (type pdf)

<use report/comp-eff-whole.pdf>
Package pdftex.def Info: report/comp-eff-whole.pdf used on input line 373.
(pdftex.def)             Requested size: 341.43306pt x 287.51494pt.

Underfull \hbox (badness 10000) in paragraph at lines 373--374

 []


Underfull \hbox (badness 10000) in paragraph at lines 373--374

 []


Underfull \hbox (badness 10000) in paragraph at lines 373--374

 []


Underfull \hbox (badness 10000) in paragraph at lines 373--374

 []

[18 <./report/eff-whole.pdf>]
<report/eff-2500.pdf, id=757, 278.39638pt x 231.92616pt>
File: report/eff-2500.pdf Graphic file (type pdf)

<use report/eff-2500.pdf>
Package pdftex.def Info: report/eff-2500.pdf used on input line 384.
(pdftex.def)             Requested size: 341.43306pt x 284.46062pt.

Underfull \hbox (badness 10000) in paragraph at lines 384--385

 []


Underfull \hbox (badness 10000) in paragraph at lines 384--385

 []


Underfull \hbox (badness 10000) in paragraph at lines 384--385

 []


Underfull \hbox (badness 10000) in paragraph at lines 384--385

 []

[19 <./report/comp-eff-whole.pdf>]
<report/eff-5000.pdf, id=788, 278.39638pt x 231.92616pt>
File: report/eff-5000.pdf Graphic file (type pdf)

<use report/eff-5000.pdf>
Package pdftex.def Info: report/eff-5000.pdf used on input line 386.
(pdftex.def)             Requested size: 341.43306pt x 284.46062pt.

Underfull \hbox (badness 10000) in paragraph at lines 386--387

 []


Underfull \hbox (badness 10000) in paragraph at lines 386--387

 []


Underfull \hbox (badness 10000) in paragraph at lines 386--387

 []


Underfull \hbox (badness 10000) in paragraph at lines 386--387

 []

<report/eff-10000.pdf, id=789, 278.39638pt x 231.92616pt>
File: report/eff-10000.pdf Graphic file (type pdf)

<use report/eff-10000.pdf>
Package pdftex.def Info: report/eff-10000.pdf used on input line 388.
(pdftex.def)             Requested size: 341.43306pt x 284.46062pt.

Underfull \hbox (badness 10000) in paragraph at lines 388--389

 []


Underfull \hbox (badness 10000) in paragraph at lines 388--389

 []


Underfull \hbox (badness 10000) in paragraph at lines 388--389

 []


Underfull \hbox (badness 10000) in paragraph at lines 388--389

 []

[20 <./report/eff-2500.pdf> <./report/eff-5000.pdf

pdfTeX warning: pdflatex (file ./report/eff-5000.pdf): PDF inclusion: multiple 
pdfs with page group included in a single page
>] <report/eff-15000.pdf, id=844, 278.39638pt x 231.92616pt>
File: report/eff-15000.pdf Graphic file (type pdf)

<use report/eff-15000.pdf>
Package pdftex.def Info: report/eff-15000.pdf used on input line 390.
(pdftex.def)             Requested size: 341.43306pt x 284.46062pt.

Underfull \hbox (badness 10000) in paragraph at lines 390--391

 []


Underfull \hbox (badness 10000) in paragraph at lines 390--391

 []


Underfull \hbox (badness 10000) in paragraph at lines 390--391

 []


Underfull \hbox (badness 10000) in paragraph at lines 390--391

 []

<report/eff-20000.pdf, id=845, 272.61473pt x 231.92616pt>
File: report/eff-20000.pdf Graphic file (type pdf)

<use report/eff-20000.pdf>
Package pdftex.def Info: report/eff-20000.pdf used on input line 392.
(pdftex.def)             Requested size: 341.43306pt x 290.49445pt.

Underfull \hbox (badness 10000) in paragraph at lines 392--393

 []


Underfull \hbox (badness 10000) in paragraph at lines 392--393

 []


Underfull \hbox (badness 10000) in paragraph at lines 392--393

 []


Underfull \hbox (badness 10000) in paragraph at lines 392--393

 []

[21 <./report/eff-10000.pdf> <./report/eff-15000.pdf

pdfTeX warning: pdflatex (file ./report/eff-15000.pdf): PDF inclusion: multiple
 pdfs with page group included in a single page
>] <report/eff-25000.pdf, id=901, 278.39638pt x 231.92616pt>
File: report/eff-25000.pdf Graphic file (type pdf)

<use report/eff-25000.pdf>
Package pdftex.def Info: report/eff-25000.pdf used on input line 394.
(pdftex.def)             Requested size: 341.43306pt x 284.46062pt.

Underfull \hbox (badness 10000) in paragraph at lines 394--395

 []


Underfull \hbox (badness 10000) in paragraph at lines 394--395

 []


Underfull \hbox (badness 10000) in paragraph at lines 394--395

 []


Underfull \hbox (badness 10000) in paragraph at lines 394--395

 []

<report/eff-30000.pdf, id=902, 278.39638pt x 231.92616pt> [22 <./report/eff-200
00.pdf> <./report/eff-25000.pdf

pdfTeX warning: pdflatex (file ./report/eff-25000.pdf): PDF inclusion: multiple
 pdfs with page group included in a single page
>]
File: report/eff-30000.pdf Graphic file (type pdf)
 <use report/eff-30000.pdf>
Package pdftex.def Info: report/eff-30000.pdf used on input line 396.
(pdftex.def)             Requested size: 341.43306pt x 284.46062pt.

Underfull \hbox (badness 10000) in paragraph at lines 396--397

 []


Underfull \hbox (badness 10000) in paragraph at lines 396--397

 []


Underfull \hbox (badness 10000) in paragraph at lines 396--397

 []


Underfull \hbox (badness 10000) in paragraph at lines 396--397

 []

<report/eff-40000.pdf, id=957, 278.39638pt x 231.92616pt>
File: report/eff-40000.pdf Graphic file (type pdf)

<use report/eff-40000.pdf>
Package pdftex.def Info: report/eff-40000.pdf used on input line 398.
(pdftex.def)             Requested size: 341.43306pt x 284.46062pt.

Underfull \hbox (badness 10000) in paragraph at lines 398--399

 []


Underfull \hbox (badness 10000) in paragraph at lines 398--399

 []


Underfull \hbox (badness 10000) in paragraph at lines 398--399

 []


Underfull \hbox (badness 10000) in paragraph at lines 398--399

 []

<report/comp-eff-2500.pdf, id=958, 280.80537pt x 231.92616pt> [23 <./report/eff
-30000.pdf> <./report/eff-40000.pdf

pdfTeX warning: pdflatex (file ./report/eff-40000.pdf): PDF inclusion: multiple
 pdfs with page group included in a single page
>]
File: report/comp-eff-2500.pdf Graphic file (type pdf)
 <use report/comp-eff-2500.pdf>
Package pdftex.def Info: report/comp-eff-2500.pdf used on input line 401.
(pdftex.def)             Requested size: 341.43306pt x 282.02231pt.

Underfull \hbox (badness 10000) in paragraph at lines 401--402

 []


Underfull \hbox (badness 10000) in paragraph at lines 401--402

 []


Underfull \hbox (badness 10000) in paragraph at lines 401--402

 []


Underfull \hbox (badness 10000) in paragraph at lines 401--402

 []

<report/comp-eff-5000.pdf, id=1013, 280.80537pt x 231.92616pt>
File: report/comp-eff-5000.pdf Graphic file (type pdf)

<use report/comp-eff-5000.pdf>
Package pdftex.def Info: report/comp-eff-5000.pdf used on input line 403.
(pdftex.def)             Requested size: 341.43306pt x 282.02231pt.

Underfull \hbox (badness 10000) in paragraph at lines 403--404

 []


Underfull \hbox (badness 10000) in paragraph at lines 403--404

 []


Underfull \hbox (badness 10000) in paragraph at lines 403--404

 []


Underfull \hbox (badness 10000) in paragraph at lines 403--404

 []

<report/comp-eff-10000.pdf, id=1014, 280.80537pt x 231.92616pt> [24 <./report/c
omp-eff-2500.pdf> <./report/comp-eff-5000.pdf

pdfTeX warning: pdflatex (file ./report/comp-eff-5000.pdf): PDF inclusion: mult
iple pdfs with page group included in a single page
>]
File: report/comp-eff-10000.pdf Graphic file (type pdf)
 <use report/comp-eff-10000.pdf>
Package pdftex.def Info: report/comp-eff-10000.pdf used on input line 405.
(pdftex.def)             Requested size: 341.43306pt x 282.02231pt.

Underfull \hbox (badness 10000) in paragraph at lines 405--406

 []


Underfull \hbox (badness 10000) in paragraph at lines 405--406

 []


Underfull \hbox (badness 10000) in paragraph at lines 405--406

 []


Underfull \hbox (badness 10000) in paragraph at lines 405--406

 []

<report/comp-eff-15000.pdf, id=1070, 281.13498pt x 232.828pt>
File: report/comp-eff-15000.pdf Graphic file (type pdf)

<use report/comp-eff-15000.pdf>
Package pdftex.def Info: report/comp-eff-15000.pdf used on input line 407.
(pdftex.def)             Requested size: 341.43306pt x 282.77432pt.

Underfull \hbox (badness 10000) in paragraph at lines 407--408

 []


Underfull \hbox (badness 10000) in paragraph at lines 407--408

 []


Underfull \hbox (badness 10000) in paragraph at lines 407--408

 []


Underfull \hbox (badness 10000) in paragraph at lines 407--408

 []

<report/comp-eff-20000.pdf, id=1071, 278.39638pt x 231.92616pt> [25 <./report/c
omp-eff-10000.pdf> <./report/comp-eff-15000.pdf

pdfTeX warning: pdflatex (file ./report/comp-eff-15000.pdf): PDF inclusion: mul
tiple pdfs with page group included in a single page
>]
File: report/comp-eff-20000.pdf Graphic file (type pdf)
 <use report/comp-eff-20000.pdf>
Package pdftex.def Info: report/comp-eff-20000.pdf used on input line 409.
(pdftex.def)             Requested size: 341.43306pt x 284.46062pt.

Underfull \hbox (badness 10000) in paragraph at lines 409--410

 []


Underfull \hbox (badness 10000) in paragraph at lines 409--410

 []


Underfull \hbox (badness 10000) in paragraph at lines 409--410

 []


Underfull \hbox (badness 10000) in paragraph at lines 409--410

 []

<report/comp-eff-25000.pdf, id=1130, 280.80537pt x 231.92616pt>
File: report/comp-eff-25000.pdf Graphic file (type pdf)

<use report/comp-eff-25000.pdf>
Package pdftex.def Info: report/comp-eff-25000.pdf used on input line 411.
(pdftex.def)             Requested size: 341.43306pt x 282.02231pt.

Underfull \hbox (badness 10000) in paragraph at lines 411--412

 []


Underfull \hbox (badness 10000) in paragraph at lines 411--412

 []


Underfull \hbox (badness 10000) in paragraph at lines 411--412

 []


Underfull \hbox (badness 10000) in paragraph at lines 411--412

 []

<report/comp-eff-30000.pdf, id=1131, 280.80537pt x 231.92616pt> [26 <./report/c
omp-eff-20000.pdf> <./report/comp-eff-25000.pdf

pdfTeX warning: pdflatex (file ./report/comp-eff-25000.pdf): PDF inclusion: mul
tiple pdfs with page group included in a single page
>]
File: report/comp-eff-30000.pdf Graphic file (type pdf)
 <use report/comp-eff-30000.pdf>
Package pdftex.def Info: report/comp-eff-30000.pdf used on input line 413.
(pdftex.def)             Requested size: 341.43306pt x 282.02231pt.

Underfull \hbox (badness 10000) in paragraph at lines 413--414

 []


Underfull \hbox (badness 10000) in paragraph at lines 413--414

 []


Underfull \hbox (badness 10000) in paragraph at lines 413--414

 []


Underfull \hbox (badness 10000) in paragraph at lines 413--414

 []

<report/comp-eff-40000.pdf, id=1187, 280.80537pt x 231.92616pt>
File: report/comp-eff-40000.pdf Graphic file (type pdf)

<use report/comp-eff-40000.pdf>
Package pdftex.def Info: report/comp-eff-40000.pdf used on input line 415.
(pdftex.def)             Requested size: 341.43306pt x 282.02231pt.

Underfull \hbox (badness 10000) in paragraph at lines 415--416

 []


Underfull \hbox (badness 10000) in paragraph at lines 415--416

 []


Underfull \hbox (badness 10000) in paragraph at lines 415--416

 []


Underfull \hbox (badness 10000) in paragraph at lines 415--416

 []

[27 <./report/comp-eff-30000.pdf> <./report/comp-eff-40000.pdf

pdfTeX warning: pdflatex (file ./report/comp-eff-40000.pdf): PDF inclusion: mul
tiple pdfs with page group included in a single page
>]
Underfull \hbox (badness 10000) in paragraph at lines 420--423

 []


Underfull \hbox (badness 10000) in paragraph at lines 424--427

 []


Underfull \hbox (badness 10000) in paragraph at lines 428--431

 []


Underfull \hbox (badness 10000) in paragraph at lines 428--431

 []

<report/breakdown-2500.pdf, id=1242, 478.55626pt x 311.94742pt>
File: report/breakdown-2500.pdf Graphic file (type pdf)

<use report/breakdown-2500.pdf>
Package pdftex.def Info: report/breakdown-2500.pdf used on input line 433.
(pdftex.def)             Requested size: 384.1122pt x 250.396pt.

Underfull \hbox (badness 10000) in paragraph at lines 433--434

 []


Underfull \hbox (badness 10000) in paragraph at lines 433--434

 []


Underfull \hbox (badness 10000) in paragraph at lines 433--434

 []


Underfull \hbox (badness 10000) in paragraph at lines 433--434

 []

<report/breakdown-5000.pdf, id=1243, 478.55626pt x 311.94742pt>
File: report/breakdown-5000.pdf Graphic file (type pdf)

<use report/breakdown-5000.pdf>
Package pdftex.def Info: report/breakdown-5000.pdf used on input line 435.
(pdftex.def)             Requested size: 384.1122pt x 250.396pt.

Underfull \hbox (badness 10000) in paragraph at lines 435--436

 []


Underfull \hbox (badness 10000) in paragraph at lines 435--436

 []


Underfull \hbox (badness 10000) in paragraph at lines 435--436

 []


Underfull \hbox (badness 10000) in paragraph at lines 435--436

 []

[28 <./report/breakdown-2500.pdf>]
<report/breakdown-10000.pdf, id=1266, 478.55626pt x 311.94742pt>
File: report/breakdown-10000.pdf Graphic file (type pdf)

<use report/breakdown-10000.pdf>
Package pdftex.def Info: report/breakdown-10000.pdf used on input line 437.
(pdftex.def)             Requested size: 384.1122pt x 250.396pt.

Underfull \hbox (badness 10000) in paragraph at lines 437--438

 []


Underfull \hbox (badness 10000) in paragraph at lines 437--438

 []


Underfull \hbox (badness 10000) in paragraph at lines 437--438

 []


Underfull \hbox (badness 10000) in paragraph at lines 437--438

 []

<report/breakdown-15000.pdf, id=1267, 478.55626pt x 311.94742pt>
File: report/breakdown-15000.pdf Graphic file (type pdf)

<use report/breakdown-15000.pdf>
Package pdftex.def Info: report/breakdown-15000.pdf used on input line 439.
(pdftex.def)             Requested size: 384.1122pt x 250.396pt.

Underfull \hbox (badness 10000) in paragraph at lines 439--440

 []


Underfull \hbox (badness 10000) in paragraph at lines 439--440

 []


Underfull \hbox (badness 10000) in paragraph at lines 439--440

 []


Underfull \hbox (badness 10000) in paragraph at lines 439--440

 []

[29 <./report/breakdown-5000.pdf> <./report/breakdown-10000.pdf

pdfTeX warning: pdflatex (file ./report/breakdown-10000.pdf): PDF inclusion: mu
ltiple pdfs with page group included in a single page
>] <report/breakdown-20000.pdf, id=1308, 478.55626pt x 311.94742pt>
File: report/breakdown-20000.pdf Graphic file (type pdf)

<use report/breakdown-20000.pdf>
Package pdftex.def Info: report/breakdown-20000.pdf used on input line 441.
(pdftex.def)             Requested size: 384.1122pt x 250.396pt.

Underfull \hbox (badness 10000) in paragraph at lines 441--442

 []


Underfull \hbox (badness 10000) in paragraph at lines 441--442

 []


Underfull \hbox (badness 10000) in paragraph at lines 441--442

 []


Underfull \hbox (badness 10000) in paragraph at lines 441--442

 []

<report/breakdown-25000.pdf, id=1309, 478.55626pt x 311.94742pt>
File: report/breakdown-25000.pdf Graphic file (type pdf)

<use report/breakdown-25000.pdf>
Package pdftex.def Info: report/breakdown-25000.pdf used on input line 443.
(pdftex.def)             Requested size: 384.1122pt x 250.396pt.

Underfull \hbox (badness 10000) in paragraph at lines 443--444

 []


Underfull \hbox (badness 10000) in paragraph at lines 443--444

 []


Underfull \hbox (badness 10000) in paragraph at lines 443--444

 []


Underfull \hbox (badness 10000) in paragraph at lines 443--444

 []

[30 <./report/breakdown-15000.pdf> <./report/breakdown-20000.pdf

pdfTeX warning: pdflatex (file ./report/breakdown-20000.pdf): PDF inclusion: mu
ltiple pdfs with page group included in a single page
>] <report/breakdown-30000.pdf, id=1351, 478.55626pt x 311.94742pt>
File: report/breakdown-30000.pdf Graphic file (type pdf)

<use report/breakdown-30000.pdf>
Package pdftex.def Info: report/breakdown-30000.pdf used on input line 445.
(pdftex.def)             Requested size: 384.1122pt x 250.396pt.

Underfull \hbox (badness 10000) in paragraph at lines 445--446

 []


Underfull \hbox (badness 10000) in paragraph at lines 445--446

 []


Underfull \hbox (badness 10000) in paragraph at lines 445--446

 []


Underfull \hbox (badness 10000) in paragraph at lines 445--446

 []

<report/breakdown-40000.pdf, id=1352, 478.55626pt x 311.94742pt>
File: report/breakdown-40000.pdf Graphic file (type pdf)

<use report/breakdown-40000.pdf>
Package pdftex.def Info: report/breakdown-40000.pdf used on input line 447.
(pdftex.def)             Requested size: 384.1122pt x 250.396pt.

Underfull \hbox (badness 10000) in paragraph at lines 447--448

 []


Underfull \hbox (badness 10000) in paragraph at lines 447--448

 []


Underfull \hbox (badness 10000) in paragraph at lines 447--448

 []


Underfull \hbox (badness 10000) in paragraph at lines 447--448

 []

[31 <./report/breakdown-25000.pdf> <./report/breakdown-30000.pdf

pdfTeX warning: pdflatex (file ./report/breakdown-30000.pdf): PDF inclusion: mu
ltiple pdfs with page group included in a single page
>]
Underfull \hbox (badness 10000) in paragraph at lines 452--458

 []

[32 <./report/breakdown-40000.pdf>] (./report.aux) ) 
Here is how much of TeX's memory you used:
 9034 strings out of 495028
 142013 string characters out of 3181319
 239684 words of memory out of 3000000
 11793 multiletter control sequences out of 15000+200000
 100253 words of font info for 208 fonts, out of 3000000 for 9000
 34 hyphenation exceptions out of 8191
 47i,11n,47p,307b,340s stack positions out of 5000i,500n,10000p,200000b,50000s
{/usr/share/texlive/texmf-d
ist/fonts/enc/dvips/cm-super/cm-super-t1.enc}{/usr/share/texlive/texmf-dist/fon
ts/enc/dvips/base/8r.enc}</usr/share/texlive/texmf-dist/fonts/type1/public/four
ier/fourier-ms.pfb></usr/share/texlive/texmf-dist/fonts/type1/adobe/utopia/putr
8a.pfb></usr/share/texlive/texmf-dist/fonts/type1/adobe/utopia/putri8a.pfb></us
r/share/texlive/texmf-dist/fonts/type1/public/cm-super/sftt1095.pfb>
Output written on report.pdf (32 pages, 1037459 bytes).
PDF statistics:
 1433 PDF objects out of 1440 (max. 8388607)
 990 compressed objects within 10 object streams
 0 named destinations out of 1000 (max. 500000)
 39183 words of extra memory for PDF output out of 42996 (max. 10000000)

